1518516308723	geckodriver	INFO	geckodriver 0.19.1
1518516308737	geckodriver	INFO	Listening on 127.0.0.1:54223
1518516309932	mozrunner::runner	INFO	Running command: "/usr/bin/firefox" "-marionette" "-profile" "/tmp/rust_mozprofile.V56m9i6mXG3z"
1518516310152	addons.xpi	WARN	Can't get modified time of /usr/lib64/firefox/browser/features/aushelper@mozilla.org.xpi
1518516310245	addons.xpi-utils	WARN	addMetadata: Add-on aushelper@mozilla.org is invalid: [Exception... "Component returned failure code: 0x80520006 (NS_ERROR_FILE_TARGET_DOES_NOT_EXIST) [nsIFile.isFile]"  nsresult: "0x80520006 (NS_ERROR_FILE_TARGET_DOES_NOT_EXIST)"  location: "JS frame :: resource://gre/modules/addons/XPIInstall.jsm :: this.loadManifestFromFile :: line 971"  data: no] Stack trace: this.loadManifestFromFile()@resource://gre/modules/addons/XPIInstall.jsm:971 < syncLoadManifestFromFile()@resource://gre/modules/addons/XPIProvider.jsm:947 < addMetadata()@resource://gre/modules/addons/XPIProvider.jsm -> resource://gre/modules/addons/XPIProviderUtils.js:1231 < processFileChanges()@resource://gre/modules/addons/XPIProvider.jsm -> resource://gre/modules/addons/XPIProviderUtils.js:1578 < checkForChanges()@resource://gre/modules/addons/XPIProvider.jsm:3278 < startup()@resource://gre/modules/addons/XPIProvider.jsm:2182 < callProvider()@resource://gre/modules/AddonManager.jsm:263 < _startProvider()@resource://gre/modules/AddonManager.jsm:730 < startup()@resource://gre/modules/AddonManager.jsm:897 < startup()@resource://gre/modules/AddonManager.jsm:3081 < observe()@jar:file:///usr/lib64/firefox/omni.ja!/components/addonManager.js:65
1518516310246	addons.xpi-utils	WARN	Could not uninstall invalid item from locked install location
1518516310362	Marionette	INFO	Enabled via --marionette
1518516311278	addons.xpi	WARN	Can't get modified time of /usr/lib64/firefox/browser/features/aushelper@mozilla.org.xpi
1518516311648	Marionette	INFO	Listening on port 45511
1518516311740	Marionette	WARN	TLS certificate errors will be ignored for this session
1518516311796	Marionette	DEBUG	Register listener.js for window 2147483649
1518516311820	Marionette	DEBUG	Received DOM event "beforeunload" for "about:blank"
1518516313039	Marionette	DEBUG	Received DOM event "pagehide" for "about:blank"
1518516313040	Marionette	DEBUG	Received DOM event "unload" for "about:blank"
1518516313856	Marionette	DEBUG	Received DOM event "DOMContentLoaded" for "https://www.youtube.com/results?sp=EgllBA%253D%253D&search_query=what+is+this+shit"
1518516315517	Marionette	DEBUG	Received DOM event "pageshow" for "https://www.youtube.com/results?sp=EgllBA%253D%253D&search_query=what+is+this+shit"
1518516916408	geckodriver	INFO	geckodriver 0.19.1
1518516916414	geckodriver	INFO	Listening on 127.0.0.1:60917
1518516917554	mozrunner::runner	INFO	Running command: "/usr/bin/firefox" "-marionette" "-profile" "/tmp/rust_mozprofile.qXwHUqVMLHUp"
1518516917742	addons.xpi	WARN	Can't get modified time of /usr/lib64/firefox/browser/features/aushelper@mozilla.org.xpi
1518516917836	addons.xpi-utils	WARN	addMetadata: Add-on aushelper@mozilla.org is invalid: [Exception... "Component returned failure code: 0x80520006 (NS_ERROR_FILE_TARGET_DOES_NOT_EXIST) [nsIFile.isFile]"  nsresult: "0x80520006 (NS_ERROR_FILE_TARGET_DOES_NOT_EXIST)"  location: "JS frame :: resource://gre/modules/addons/XPIInstall.jsm :: this.loadManifestFromFile :: line 971"  data: no] Stack trace: this.loadManifestFromFile()@resource://gre/modules/addons/XPIInstall.jsm:971 < syncLoadManifestFromFile()@resource://gre/modules/addons/XPIProvider.jsm:947 < addMetadata()@resource://gre/modules/addons/XPIProvider.jsm -> resource://gre/modules/addons/XPIProviderUtils.js:1231 < processFileChanges()@resource://gre/modules/addons/XPIProvider.jsm -> resource://gre/modules/addons/XPIProviderUtils.js:1578 < checkForChanges()@resource://gre/modules/addons/XPIProvider.jsm:3278 < startup()@resource://gre/modules/addons/XPIProvider.jsm:2182 < callProvider()@resource://gre/modules/AddonManager.jsm:263 < _startProvider()@resource://gre/modules/AddonManager.jsm:730 < startup()@resource://gre/modules/AddonManager.jsm:897 < startup()@resource://gre/modules/AddonManager.jsm:3081 < observe()@jar:file:///usr/lib64/firefox/omni.ja!/components/addonManager.js:65
1518516917837	addons.xpi-utils	WARN	Could not uninstall invalid item from locked install location
1518516917948	Marionette	INFO	Enabled via --marionette
1518516918857	addons.xpi	WARN	Can't get modified time of /usr/lib64/firefox/browser/features/aushelper@mozilla.org.xpi
1518516919220	Marionette	INFO	Listening on port 34907
1518516919276	Marionette	WARN	TLS certificate errors will be ignored for this session
1518516919331	Marionette	DEBUG	Register listener.js for window 2147483649
1518516928932	Marionette	DEBUG	Received DOM event "beforeunload" for "about:blank"
1518516929892	Marionette	DEBUG	Received DOM event "pagehide" for "about:blank"
1518516929892	Marionette	DEBUG	Received DOM event "unload" for "about:blank"
1518516930643	Marionette	DEBUG	Received DOM event "DOMContentLoaded" for "https://www.youtube.com/results?sp=EgIIBA%253D%253D&search_query=search+youtube+with+api+python"
1518516932650	Marionette	DEBUG	Received DOM event "pageshow" for "https://www.youtube.com/results?sp=EgIIBA%253D%253D&search_query=search+youtube+with+api+python"
1518517164043	geckodriver	INFO	geckodriver 0.19.1
1518517164046	geckodriver	INFO	Listening on 127.0.0.1:59025
1518517165214	mozrunner::runner	INFO	Running command: "/usr/bin/firefox" "-marionette" "-profile" "/tmp/rust_mozprofile.BJYc7RZiyyFh"
1518517165407	addons.xpi	WARN	Can't get modified time of /usr/lib64/firefox/browser/features/aushelper@mozilla.org.xpi
1518517165500	addons.xpi-utils	WARN	addMetadata: Add-on aushelper@mozilla.org is invalid: [Exception... "Component returned failure code: 0x80520006 (NS_ERROR_FILE_TARGET_DOES_NOT_EXIST) [nsIFile.isFile]"  nsresult: "0x80520006 (NS_ERROR_FILE_TARGET_DOES_NOT_EXIST)"  location: "JS frame :: resource://gre/modules/addons/XPIInstall.jsm :: this.loadManifestFromFile :: line 971"  data: no] Stack trace: this.loadManifestFromFile()@resource://gre/modules/addons/XPIInstall.jsm:971 < syncLoadManifestFromFile()@resource://gre/modules/addons/XPIProvider.jsm:947 < addMetadata()@resource://gre/modules/addons/XPIProvider.jsm -> resource://gre/modules/addons/XPIProviderUtils.js:1231 < processFileChanges()@resource://gre/modules/addons/XPIProvider.jsm -> resource://gre/modules/addons/XPIProviderUtils.js:1578 < checkForChanges()@resource://gre/modules/addons/XPIProvider.jsm:3278 < startup()@resource://gre/modules/addons/XPIProvider.jsm:2182 < callProvider()@resource://gre/modules/AddonManager.jsm:263 < _startProvider()@resource://gre/modules/AddonManager.jsm:730 < startup()@resource://gre/modules/AddonManager.jsm:897 < startup()@resource://gre/modules/AddonManager.jsm:3081 < observe()@jar:file:///usr/lib64/firefox/omni.ja!/components/addonManager.js:65
1518517165501	addons.xpi-utils	WARN	Could not uninstall invalid item from locked install location
1518517165612	Marionette	INFO	Enabled via --marionette
1518517166485	addons.xpi	WARN	Can't get modified time of /usr/lib64/firefox/browser/features/aushelper@mozilla.org.xpi
1518517166633	Marionette	INFO	Listening on port 43751
1518517166796	Marionette	WARN	TLS certificate errors will be ignored for this session
1518517166859	Marionette	DEBUG	Register listener.js for window 2147483649
1518517166893	Marionette	DEBUG	Received DOM event "beforeunload" for "about:blank"
1518517168395	Marionette	DEBUG	Received DOM event "pagehide" for "about:blank"
1518517168396	Marionette	DEBUG	Received DOM event "unload" for "about:blank"
1518517170679	Marionette	DEBUG	Received DOM event "DOMContentLoaded" for "https://www.youtube.com/results?sp=EgIIBA%253D%253D&search_query=%7B%7Dwhat+is+my+name"
1518517172731	Marionette	DEBUG	Received DOM event "pageshow" for "https://www.youtube.com/results?sp=EgIIBA%253D%253D&search_query=%7B%7Dwhat+is+my+name"
[Parent 10109, Gecko_IOThread] WARNING: pipe error (122): Connection reset by peer: file /builddir/build/BUILD/firefox-57.0.4/ipc/chromium/src/chrome/common/ipc_channel_posix.cc, line 353
*** UTM:SVC TimerManager:registerTimer called after profile-before-change notification. Ignoring timer registration for id: telemetry_modules_ping
1518517232554	geckodriver	INFO	geckodriver 0.19.1
1518517232557	geckodriver	INFO	Listening on 127.0.0.1:51609
1518517233729	mozrunner::runner	INFO	Running command: "/usr/bin/firefox" "-marionette" "-profile" "/tmp/rust_mozprofile.8MTHKc3PKwRe"
1518517233920	addons.xpi	WARN	Can't get modified time of /usr/lib64/firefox/browser/features/aushelper@mozilla.org.xpi
1518517234016	addons.xpi-utils	WARN	addMetadata: Add-on aushelper@mozilla.org is invalid: [Exception... "Component returned failure code: 0x80520006 (NS_ERROR_FILE_TARGET_DOES_NOT_EXIST) [nsIFile.isFile]"  nsresult: "0x80520006 (NS_ERROR_FILE_TARGET_DOES_NOT_EXIST)"  location: "JS frame :: resource://gre/modules/addons/XPIInstall.jsm :: this.loadManifestFromFile :: line 971"  data: no] Stack trace: this.loadManifestFromFile()@resource://gre/modules/addons/XPIInstall.jsm:971 < syncLoadManifestFromFile()@resource://gre/modules/addons/XPIProvider.jsm:947 < addMetadata()@resource://gre/modules/addons/XPIProvider.jsm -> resource://gre/modules/addons/XPIProviderUtils.js:1231 < processFileChanges()@resource://gre/modules/addons/XPIProvider.jsm -> resource://gre/modules/addons/XPIProviderUtils.js:1578 < checkForChanges()@resource://gre/modules/addons/XPIProvider.jsm:3278 < startup()@resource://gre/modules/addons/XPIProvider.jsm:2182 < callProvider()@resource://gre/modules/AddonManager.jsm:263 < _startProvider()@resource://gre/modules/AddonManager.jsm:730 < startup()@resource://gre/modules/AddonManager.jsm:897 < startup()@resource://gre/modules/AddonManager.jsm:3081 < observe()@jar:file:///usr/lib64/firefox/omni.ja!/components/addonManager.js:65
1518517234017	addons.xpi-utils	WARN	Could not uninstall invalid item from locked install location
1518517234127	Marionette	INFO	Enabled via --marionette
1518517235014	addons.xpi	WARN	Can't get modified time of /usr/lib64/firefox/browser/features/aushelper@mozilla.org.xpi
1518517235156	Marionette	INFO	Listening on port 42753
1518517235333	Marionette	WARN	TLS certificate errors will be ignored for this session
1518517235395	Marionette	DEBUG	Register listener.js for window 2147483649
1518517235435	Marionette	DEBUG	Received DOM event "beforeunload" for "about:blank"
1518517237016	Marionette	DEBUG	Received DOM event "pagehide" for "about:blank"
1518517237017	Marionette	DEBUG	Received DOM event "unload" for "about:blank"
1518517239410	Marionette	DEBUG	Received DOM event "DOMContentLoaded" for "https://www.youtube.com/results?sp=EgIIBA%253D%253D&search_query=what+is+my+name"
1518517241781	Marionette	DEBUG	Received DOM event "pageshow" for "https://www.youtube.com/results?sp=EgIIBA%253D%253D&search_query=what+is+my+name"
*** UTM:SVC TimerManager:registerTimer called after profile-before-change notification. Ignoring timer registration for id: telemetry_modules_ping
1518517373285	geckodriver	INFO	geckodriver 0.19.1
1518517373289	geckodriver	INFO	Listening on 127.0.0.1:38475
1518517374428	mozrunner::runner	INFO	Running command: "/usr/bin/firefox" "-marionette" "-profile" "/tmp/rust_mozprofile.uTVLNFkNsBWE"
1518517374627	addons.xpi	WARN	Can't get modified time of /usr/lib64/firefox/browser/features/aushelper@mozilla.org.xpi
1518517374720	addons.xpi-utils	WARN	addMetadata: Add-on aushelper@mozilla.org is invalid: [Exception... "Component returned failure code: 0x80520006 (NS_ERROR_FILE_TARGET_DOES_NOT_EXIST) [nsIFile.isFile]"  nsresult: "0x80520006 (NS_ERROR_FILE_TARGET_DOES_NOT_EXIST)"  location: "JS frame :: resource://gre/modules/addons/XPIInstall.jsm :: this.loadManifestFromFile :: line 971"  data: no] Stack trace: this.loadManifestFromFile()@resource://gre/modules/addons/XPIInstall.jsm:971 < syncLoadManifestFromFile()@resource://gre/modules/addons/XPIProvider.jsm:947 < addMetadata()@resource://gre/modules/addons/XPIProvider.jsm -> resource://gre/modules/addons/XPIProviderUtils.js:1231 < processFileChanges()@resource://gre/modules/addons/XPIProvider.jsm -> resource://gre/modules/addons/XPIProviderUtils.js:1578 < checkForChanges()@resource://gre/modules/addons/XPIProvider.jsm:3278 < startup()@resource://gre/modules/addons/XPIProvider.jsm:2182 < callProvider()@resource://gre/modules/AddonManager.jsm:263 < _startProvider()@resource://gre/modules/AddonManager.jsm:730 < startup()@resource://gre/modules/AddonManager.jsm:897 < startup()@resource://gre/modules/AddonManager.jsm:3081 < observe()@jar:file:///usr/lib64/firefox/omni.ja!/components/addonManager.js:65
1518517374721	addons.xpi-utils	WARN	Could not uninstall invalid item from locked install location
1518517374832	Marionette	INFO	Enabled via --marionette
1518517375715	addons.xpi	WARN	Can't get modified time of /usr/lib64/firefox/browser/features/aushelper@mozilla.org.xpi
1518517375864	Marionette	INFO	Listening on port 38317
1518517376028	Marionette	WARN	TLS certificate errors will be ignored for this session
1518517376100	Marionette	DEBUG	Register listener.js for window 2147483649
1518517376129	Marionette	DEBUG	Received DOM event "beforeunload" for "about:blank"
1518517377750	Marionette	DEBUG	Received DOM event "pagehide" for "about:blank"
1518517377750	Marionette	DEBUG	Received DOM event "unload" for "about:blank"
1518517380257	Marionette	DEBUG	Received DOM event "DOMContentLoaded" for "https://www.youtube.com/results?sp=EgIIBA%253D%253D&search_query=what+is+my+name"
1518517382264	Marionette	DEBUG	Received DOM event "pageshow" for "https://www.youtube.com/results?sp=EgIIBA%253D%253D&search_query=what+is+my+name"
1518517558697	geckodriver	INFO	geckodriver 0.19.1
1518517558701	geckodriver	INFO	Listening on 127.0.0.1:33121
1518517559926	mozrunner::runner	INFO	Running command: "/usr/bin/firefox" "-marionette" "-profile" "/tmp/rust_mozprofile.D3nqPl3k2dPs"
1518517560121	addons.xpi	WARN	Can't get modified time of /usr/lib64/firefox/browser/features/aushelper@mozilla.org.xpi
1518517560213	addons.xpi-utils	WARN	addMetadata: Add-on aushelper@mozilla.org is invalid: [Exception... "Component returned failure code: 0x80520006 (NS_ERROR_FILE_TARGET_DOES_NOT_EXIST) [nsIFile.isFile]"  nsresult: "0x80520006 (NS_ERROR_FILE_TARGET_DOES_NOT_EXIST)"  location: "JS frame :: resource://gre/modules/addons/XPIInstall.jsm :: this.loadManifestFromFile :: line 971"  data: no] Stack trace: this.loadManifestFromFile()@resource://gre/modules/addons/XPIInstall.jsm:971 < syncLoadManifestFromFile()@resource://gre/modules/addons/XPIProvider.jsm:947 < addMetadata()@resource://gre/modules/addons/XPIProvider.jsm -> resource://gre/modules/addons/XPIProviderUtils.js:1231 < processFileChanges()@resource://gre/modules/addons/XPIProvider.jsm -> resource://gre/modules/addons/XPIProviderUtils.js:1578 < checkForChanges()@resource://gre/modules/addons/XPIProvider.jsm:3278 < startup()@resource://gre/modules/addons/XPIProvider.jsm:2182 < callProvider()@resource://gre/modules/AddonManager.jsm:263 < _startProvider()@resource://gre/modules/AddonManager.jsm:730 < startup()@resource://gre/modules/AddonManager.jsm:897 < startup()@resource://gre/modules/AddonManager.jsm:3081 < observe()@jar:file:///usr/lib64/firefox/omni.ja!/components/addonManager.js:65
1518517560214	addons.xpi-utils	WARN	Could not uninstall invalid item from locked install location
1518517560329	Marionette	INFO	Enabled via --marionette
1518517561734	addons.xpi	WARN	Can't get modified time of /usr/lib64/firefox/browser/features/aushelper@mozilla.org.xpi
1518517561880	Marionette	INFO	Listening on port 46221
1518517562046	Marionette	WARN	TLS certificate errors will be ignored for this session
1518517562102	Marionette	DEBUG	Register listener.js for window 2147483649
1518517576885	Marionette	DEBUG	Received DOM event "beforeunload" for "about:blank"
1518517578992	Marionette	DEBUG	Received DOM event "pagehide" for "about:blank"
1518517578992	Marionette	DEBUG	Received DOM event "unload" for "about:blank"
1518517580607	Marionette	DEBUG	Received DOM event "DOMContentLoaded" for "https://www.facebook.com/"
1518517581936	Marionette	DEBUG	Received DOM event "pageshow" for "https://www.facebook.com/"
Handler function DebuggerProgressListener.prototype.onStateChange threw an exception: [Exception... "Component returned failure code: 0x80004002 (NS_NOINTERFACE) [nsIWebProgress.DOMWindow]"  nsresult: "0x80004002 (NS_NOINTERFACE)"  location: "JS frame :: resource://devtools/shared/base-loader.js -> resource://devtools/server/actors/tab.js :: _docShellToWindow :: line 781"  data: no]
Stack: _docShellToWindow@resource://devtools/shared/base-loader.js -> resource://devtools/server/actors/tab.js:781:9
_docShellsToWindows/<@resource://devtools/shared/base-loader.js -> resource://devtools/server/actors/tab.js:805:38
_docShellsToWindows@resource://devtools/shared/base-loader.js -> resource://devtools/server/actors/tab.js:805:12
_notifyDocShellsUpdate@resource://devtools/shared/base-loader.js -> resource://devtools/server/actors/tab.js:809:19
DebuggerProgressListener.prototype.onStateChange<@resource://devtools/shared/base-loader.js -> resource://devtools/server/actors/tab.js:1625:7
exports.makeInfallible/<@resource://devtools/shared/base-loader.js -> resource://devtools/shared/ThreadSafeDevToolsUtils.js:109:14
Line: 781, column: 0
console.error: 
  Handler function DebuggerProgressListener.prototype.onStateChange threw an exception: [Exception... "Component returned failure code: 0x80004002 (NS_NOINTERFACE) [nsIWebProgress.DOMWindow]"  nsresult: "0x80004002 (NS_NOINTERFACE)"  location: "JS frame :: resource://devtools/shared/base-loader.js -> resource://devtools/server/actors/tab.js :: _docShellToWindow :: line 781"  data: no]
Stack: _docShellToWindow@resource://devtools/shared/base-loader.js -> resource://devtools/server/actors/tab.js:781:9
_docShellsToWindows/<@resource://devtools/shared/base-loader.js -> resource://devtools/server/actors/tab.js:805:38
_docShellsToWindows@resource://devtools/shared/base-loader.js -> resource://devtools/server/actors/tab.js:805:12
_notifyDocShellsUpdate@resource://devtools/shared/base-loader.js -> resource://devtools/server/actors/tab.js:809:19
DebuggerProgressListener.prototype.onStateChange<@resource://devtools/shared/base-loader.js -> resource://devtools/server/actors/tab.js:1625:7
exports.makeInfallible/<@resource://devtools/shared/base-loader.js -> resource://devtools/shared/ThreadSafeDevToolsUtils.js:109:14
Line: 781, column: 0
Handler function DebuggerProgressListener.prototype.onStateChange threw an exception: [Exception... "Component returned failure code: 0x80004002 (NS_NOINTERFACE) [nsIWebProgress.DOMWindow]"  nsresult: "0x80004002 (NS_NOINTERFACE)"  location: "JS frame :: resource://devtools/shared/base-loader.js -> resource://devtools/server/actors/tab.js :: DebuggerProgressListener.prototype.onStateChange< :: line 1628"  data: no]
Stack: DebuggerProgressListener.prototype.onStateChange<@resource://devtools/shared/base-loader.js -> resource://devtools/server/actors/tab.js:1628:9
exports.makeInfallible/<@resource://devtools/shared/base-loader.js -> resource://devtools/shared/ThreadSafeDevToolsUtils.js:109:14
Line: 1628, column: 0
console.error: 
  Handler function DebuggerProgressListener.prototype.onStateChange threw an exception: [Exception... "Component returned failure code: 0x80004002 (NS_NOINTERFACE) [nsIWebProgress.DOMWindow]"  nsresult: "0x80004002 (NS_NOINTERFACE)"  location: "JS frame :: resource://devtools/shared/base-loader.js -> resource://devtools/server/actors/tab.js :: DebuggerProgressListener.prototype.onStateChange< :: line 1628"  data: no]
Stack: DebuggerProgressListener.prototype.onStateChange<@resource://devtools/shared/base-loader.js -> resource://devtools/server/actors/tab.js:1628:9
exports.makeInfallible/<@resource://devtools/shared/base-loader.js -> resource://devtools/shared/ThreadSafeDevToolsUtils.js:109:14
Line: 1628, column: 0
Handler function DebuggerProgressListener.prototype.onStateChange threw an exception: [Exception... "Component returned failure code: 0x80004002 (NS_NOINTERFACE) [nsIWebProgress.DOMWindow]"  nsresult: "0x80004002 (NS_NOINTERFACE)"  location: "JS frame :: resource://devtools/shared/base-loader.js -> resource://devtools/server/actors/tab.js :: _docShellToWindow :: line 781"  data: no]
Stack: _docShellToWindow@resource://devtools/shared/base-loader.js -> resource://devtools/server/actors/tab.js:781:9
_docShellsToWindows/<@resource://devtools/shared/base-loader.js -> resource://devtools/server/actors/tab.js:805:38
_docShellsToWindows@resource://devtools/shared/base-loader.js -> resource://devtools/server/actors/tab.js:805:12
_notifyDocShellsUpdate@resource://devtools/shared/base-loader.js -> resource://devtools/server/actors/tab.js:809:19
DebuggerProgressListener.prototype.onStateChange<@resource://devtools/shared/base-loader.js -> resource://devtools/server/actors/tab.js:1625:7
exports.makeInfallible/<@resource://devtools/shared/base-loader.js -> resource://devtools/shared/ThreadSafeDevToolsUtils.js:109:14
Line: 781, column: 0
console.error: 
  Handler function DebuggerProgressListener.prototype.onStateChange threw an exception: [Exception... "Component returned failure code: 0x80004002 (NS_NOINTERFACE) [nsIWebProgress.DOMWindow]"  nsresult: "0x80004002 (NS_NOINTERFACE)"  location: "JS frame :: resource://devtools/shared/base-loader.js -> resource://devtools/server/actors/tab.js :: _docShellToWindow :: line 781"  data: no]
Stack: _docShellToWindow@resource://devtools/shared/base-loader.js -> resource://devtools/server/actors/tab.js:781:9
_docShellsToWindows/<@resource://devtools/shared/base-loader.js -> resource://devtools/server/actors/tab.js:805:38
_docShellsToWindows@resource://devtools/shared/base-loader.js -> resource://devtools/server/actors/tab.js:805:12
_notifyDocShellsUpdate@resource://devtools/shared/base-loader.js -> resource://devtools/server/actors/tab.js:809:19
DebuggerProgressListener.prototype.onStateChange<@resource://devtools/shared/base-loader.js -> resource://devtools/server/actors/tab.js:1625:7
exports.makeInfallible/<@resource://devtools/shared/base-loader.js -> resource://devtools/shared/ThreadSafeDevToolsUtils.js:109:14
Line: 781, column: 0
Handler function DebuggerProgressListener.prototype.onStateChange threw an exception: [Exception... "Component returned failure code: 0x80004002 (NS_NOINTERFACE) [nsIWebProgress.DOMWindow]"  nsresult: "0x80004002 (NS_NOINTERFACE)"  location: "JS frame :: resource://devtools/shared/base-loader.js -> resource://devtools/server/actors/tab.js :: DebuggerProgressListener.prototype.onStateChange< :: line 1628"  data: no]
Stack: DebuggerProgressListener.prototype.onStateChange<@resource://devtools/shared/base-loader.js -> resource://devtools/server/actors/tab.js:1628:9
exports.makeInfallible/<@resource://devtools/shared/base-loader.js -> resource://devtools/shared/ThreadSafeDevToolsUtils.js:109:14
Line: 1628, column: 0
console.error: 
  Handler function DebuggerProgressListener.prototype.onStateChange threw an exception: [Exception... "Component returned failure code: 0x80004002 (NS_NOINTERFACE) [nsIWebProgress.DOMWindow]"  nsresult: "0x80004002 (NS_NOINTERFACE)"  location: "JS frame :: resource://devtools/shared/base-loader.js -> resource://devtools/server/actors/tab.js :: DebuggerProgressListener.prototype.onStateChange< :: line 1628"  data: no]
Stack: DebuggerProgressListener.prototype.onStateChange<@resource://devtools/shared/base-loader.js -> resource://devtools/server/actors/tab.js:1628:9
exports.makeInfallible/<@resource://devtools/shared/base-loader.js -> resource://devtools/shared/ThreadSafeDevToolsUtils.js:109:14
Line: 1628, column: 0
Handler function DebuggerProgressListener.prototype.onStateChange threw an exception: [Exception... "Component returned failure code: 0x80004002 (NS_NOINTERFACE) [nsIWebProgress.DOMWindow]"  nsresult: "0x80004002 (NS_NOINTERFACE)"  location: "JS frame :: resource://devtools/shared/base-loader.js -> resource://devtools/server/actors/tab.js :: _docShellToWindow :: line 781"  data: no]
Stack: _docShellToWindow@resource://devtools/shared/base-loader.js -> resource://devtools/server/actors/tab.js:781:9
_docShellsToWindows/<@resource://devtools/shared/base-loader.js -> resource://devtools/server/actors/tab.js:805:38
_docShellsToWindows@resource://devtools/shared/base-loader.js -> resource://devtools/server/actors/tab.js:805:12
_notifyDocShellsUpdate@resource://devtools/shared/base-loader.js -> resource://devtools/server/actors/tab.js:809:19
DebuggerProgressListener.prototype.onStateChange<@resource://devtools/shared/base-loader.js -> resource://devtools/server/actors/tab.js:1625:7
exports.makeInfallible/<@resource://devtools/shared/base-loader.js -> resource://devtools/shared/ThreadSafeDevToolsUtils.js:109:14
Line: 781, column: 0
console.error: 
  Handler function DebuggerProgressListener.prototype.onStateChange threw an exception: [Exception... "Component returned failure code: 0x80004002 (NS_NOINTERFACE) [nsIWebProgress.DOMWindow]"  nsresult: "0x80004002 (NS_NOINTERFACE)"  location: "JS frame :: resource://devtools/shared/base-loader.js -> resource://devtools/server/actors/tab.js :: _docShellToWindow :: line 781"  data: no]
Stack: _docShellToWindow@resource://devtools/shared/base-loader.js -> resource://devtools/server/actors/tab.js:781:9
_docShellsToWindows/<@resource://devtools/shared/base-loader.js -> resource://devtools/server/actors/tab.js:805:38
_docShellsToWindows@resource://devtools/shared/base-loader.js -> resource://devtools/server/actors/tab.js:805:12
_notifyDocShellsUpdate@resource://devtools/shared/base-loader.js -> resource://devtools/server/actors/tab.js:809:19
DebuggerProgressListener.prototype.onStateChange<@resource://devtools/shared/base-loader.js -> resource://devtools/server/actors/tab.js:1625:7
exports.makeInfallible/<@resource://devtools/shared/base-loader.js -> resource://devtools/shared/ThreadSafeDevToolsUtils.js:109:14
Line: 781, column: 0
Handler function DebuggerProgressListener.prototype.onStateChange threw an exception: [Exception... "Component returned failure code: 0x80004002 (NS_NOINTERFACE) [nsIWebProgress.DOMWindow]"  nsresult: "0x80004002 (NS_NOINTERFACE)"  location: "JS frame :: resource://devtools/shared/base-loader.js -> resource://devtools/server/actors/tab.js :: DebuggerProgressListener.prototype.onStateChange< :: line 1628"  data: no]
Stack: DebuggerProgressListener.prototype.onStateChange<@resource://devtools/shared/base-loader.js -> resource://devtools/server/actors/tab.js:1628:9
exports.makeInfallible/<@resource://devtools/shared/base-loader.js -> resource://devtools/shared/ThreadSafeDevToolsUtils.js:109:14
Line: 1628, column: 0
console.error: 
  Handler function DebuggerProgressListener.prototype.onStateChange threw an exception: [Exception... "Component returned failure code: 0x80004002 (NS_NOINTERFACE) [nsIWebProgress.DOMWindow]"  nsresult: "0x80004002 (NS_NOINTERFACE)"  location: "JS frame :: resource://devtools/shared/base-loader.js -> resource://devtools/server/actors/tab.js :: DebuggerProgressListener.prototype.onStateChange< :: line 1628"  data: no]
Stack: DebuggerProgressListener.prototype.onStateChange<@resource://devtools/shared/base-loader.js -> resource://devtools/server/actors/tab.js:1628:9
exports.makeInfallible/<@resource://devtools/shared/base-loader.js -> resource://devtools/shared/ThreadSafeDevToolsUtils.js:109:14
Line: 1628, column: 0
Handler function DebuggerProgressListener.prototype.onStateChange threw an exception: [Exception... "Component returned failure code: 0x80004002 (NS_NOINTERFACE) [nsIWebProgress.DOMWindow]"  nsresult: "0x80004002 (NS_NOINTERFACE)"  location: "JS frame :: resource://devtools/shared/base-loader.js -> resource://devtools/server/actors/tab.js :: _docShellToWindow :: line 781"  data: no]
Stack: _docShellToWindow@resource://devtools/shared/base-loader.js -> resource://devtools/server/actors/tab.js:781:9
_docShellsToWindows/<@resource://devtools/shared/base-loader.js -> resource://devtools/server/actors/tab.js:805:38
_docShellsToWindows@resource://devtools/shared/base-loader.js -> resource://devtools/server/actors/tab.js:805:12
_notifyDocShellsUpdate@resource://devtools/shared/base-loader.js -> resource://devtools/server/actors/tab.js:809:19
DebuggerProgressListener.prototype.onStateChange<@resource://devtools/shared/base-loader.js -> resource://devtools/server/actors/tab.js:1625:7
exports.makeInfallible/<@resource://devtools/shared/base-loader.js -> resource://devtools/shared/ThreadSafeDevToolsUtils.js:109:14
Line: 781, column: 0
console.error: 
  Handler function DebuggerProgressListener.prototype.onStateChange threw an exception: [Exception... "Component returned failure code: 0x80004002 (NS_NOINTERFACE) [nsIWebProgress.DOMWindow]"  nsresult: "0x80004002 (NS_NOINTERFACE)"  location: "JS frame :: resource://devtools/shared/base-loader.js -> resource://devtools/server/actors/tab.js :: _docShellToWindow :: line 781"  data: no]
Stack: _docShellToWindow@resource://devtools/shared/base-loader.js -> resource://devtools/server/actors/tab.js:781:9
_docShellsToWindows/<@resource://devtools/shared/base-loader.js -> resource://devtools/server/actors/tab.js:805:38
_docShellsToWindows@resource://devtools/shared/base-loader.js -> resource://devtools/server/actors/tab.js:805:12
_notifyDocShellsUpdate@resource://devtools/shared/base-loader.js -> resource://devtools/server/actors/tab.js:809:19
DebuggerProgressListener.prototype.onStateChange<@resource://devtools/shared/base-loader.js -> resource://devtools/server/actors/tab.js:1625:7
exports.makeInfallible/<@resource://devtools/shared/base-loader.js -> resource://devtools/shared/ThreadSafeDevToolsUtils.js:109:14
Line: 781, column: 0
Handler function DebuggerProgressListener.prototype.onStateChange threw an exception: [Exception... "Component returned failure code: 0x80004002 (NS_NOINTERFACE) [nsIWebProgress.DOMWindow]"  nsresult: "0x80004002 (NS_NOINTERFACE)"  location: "JS frame :: resource://devtools/shared/base-loader.js -> resource://devtools/server/actors/tab.js :: DebuggerProgressListener.prototype.onStateChange< :: line 1628"  data: no]
Stack: DebuggerProgressListener.prototype.onStateChange<@resource://devtools/shared/base-loader.js -> resource://devtools/server/actors/tab.js:1628:9
exports.makeInfallible/<@resource://devtools/shared/base-loader.js -> resource://devtools/shared/ThreadSafeDevToolsUtils.js:109:14
Line: 1628, column: 0
console.error: 
  Handler function DebuggerProgressListener.prototype.onStateChange threw an exception: [Exception... "Component returned failure code: 0x80004002 (NS_NOINTERFACE) [nsIWebProgress.DOMWindow]"  nsresult: "0x80004002 (NS_NOINTERFACE)"  location: "JS frame :: resource://devtools/shared/base-loader.js -> resource://devtools/server/actors/tab.js :: DebuggerProgressListener.prototype.onStateChange< :: line 1628"  data: no]
Stack: DebuggerProgressListener.prototype.onStateChange<@resource://devtools/shared/base-loader.js -> resource://devtools/server/actors/tab.js:1628:9
exports.makeInfallible/<@resource://devtools/shared/base-loader.js -> resource://devtools/shared/ThreadSafeDevToolsUtils.js:109:14
Line: 1628, column: 0
1518517609447	Marionette	DEBUG	Register listener.js for window 2147483680
1518517609498	Marionette	DEBUG	Register listener.js for window 2147483682
1518517644691	geckodriver	INFO	geckodriver 0.19.1
1518517644710	geckodriver	INFO	Listening on 127.0.0.1:36425
1518517645848	mozrunner::runner	INFO	Running command: "/usr/bin/firefox" "-marionette" "-profile" "/tmp/rust_mozprofile.gWMuwtLSR7uO"
1518517646042	addons.xpi	WARN	Can't get modified time of /usr/lib64/firefox/browser/features/aushelper@mozilla.org.xpi
1518517646136	addons.xpi-utils	WARN	addMetadata: Add-on aushelper@mozilla.org is invalid: [Exception... "Component returned failure code: 0x80520006 (NS_ERROR_FILE_TARGET_DOES_NOT_EXIST) [nsIFile.isFile]"  nsresult: "0x80520006 (NS_ERROR_FILE_TARGET_DOES_NOT_EXIST)"  location: "JS frame :: resource://gre/modules/addons/XPIInstall.jsm :: this.loadManifestFromFile :: line 971"  data: no] Stack trace: this.loadManifestFromFile()@resource://gre/modules/addons/XPIInstall.jsm:971 < syncLoadManifestFromFile()@resource://gre/modules/addons/XPIProvider.jsm:947 < addMetadata()@resource://gre/modules/addons/XPIProvider.jsm -> resource://gre/modules/addons/XPIProviderUtils.js:1231 < processFileChanges()@resource://gre/modules/addons/XPIProvider.jsm -> resource://gre/modules/addons/XPIProviderUtils.js:1578 < checkForChanges()@resource://gre/modules/addons/XPIProvider.jsm:3278 < startup()@resource://gre/modules/addons/XPIProvider.jsm:2182 < callProvider()@resource://gre/modules/AddonManager.jsm:263 < _startProvider()@resource://gre/modules/AddonManager.jsm:730 < startup()@resource://gre/modules/AddonManager.jsm:897 < startup()@resource://gre/modules/AddonManager.jsm:3081 < observe()@jar:file:///usr/lib64/firefox/omni.ja!/components/addonManager.js:65
1518517646137	addons.xpi-utils	WARN	Could not uninstall invalid item from locked install location
1518517646249	Marionette	INFO	Enabled via --marionette
1518517647160	addons.xpi	WARN	Can't get modified time of /usr/lib64/firefox/browser/features/aushelper@mozilla.org.xpi
1518517647321	Marionette	INFO	Listening on port 38635
1518517647487	Marionette	WARN	TLS certificate errors will be ignored for this session
1518517647547	Marionette	DEBUG	Register listener.js for window 2147483649
1518517656145	Marionette	DEBUG	Received DOM event "beforeunload" for "about:blank"
1518517658324	Marionette	DEBUG	Received DOM event "pagehide" for "about:blank"
1518517658325	Marionette	DEBUG	Received DOM event "unload" for "about:blank"
1518517659831	Marionette	DEBUG	Received DOM event "DOMContentLoaded" for "https://www.facebook.com/"
1518517662752	Marionette	DEBUG	Received observer notification "outer-window-destroyed" for "2147483658"
1518517664263	Marionette	DEBUG	Received DOM event "pageshow" for "https://www.facebook.com/"

(/usr/lib64/firefox/firefox:11484): dconf-WARNING **: Unable to open /var/lib/flatpak/exports/share/dconf/profile/user: Permission denied
1518517738667	Marionette	DEBUG	Received DOM event "beforeunload" for "https://www.facebook.com/"
1518517739568	Marionette	DEBUG	Received DOM event "pagehide" for "https://www.facebook.com/"
1518517739581	Marionette	DEBUG	Received DOM event "unload" for "https://www.facebook.com/"
1518517740285	Marionette	DEBUG	Received observer notification "outer-window-destroyed" for "2147483661"
1518517740286	Marionette	DEBUG	Received observer notification "outer-window-destroyed" for "2147483678"
1518517740287	Marionette	DEBUG	Received observer notification "outer-window-destroyed" for "2147483666"
1518517740287	Marionette	DEBUG	Received observer notification "outer-window-destroyed" for "2147483667"
1518517740287	Marionette	DEBUG	Received observer notification "outer-window-destroyed" for "2147483655"
1518517740288	Marionette	DEBUG	Received observer notification "outer-window-destroyed" for "2147483653"
1518517741408	Marionette	DEBUG	Received DOM event "DOMContentLoaded" for "https://www.facebook.com/"
1518517743847	Marionette	DEBUG	Received observer notification "outer-window-destroyed" for "2147483689"
1518517744001	Marionette	DEBUG	Received observer notification "outer-window-destroyed" for "2147483687"
1518517764426	Marionette	DEBUG	Received observer notification "outer-window-destroyed" for "2147483695"
1518517775431	Marionette	DEBUG	Received DOM event "pageshow" for "https://www.facebook.com/"
1518517779904	Marionette	DEBUG	Received observer notification "outer-window-destroyed" for "2147483693"
1518517779904	Marionette	DEBUG	Received observer notification "outer-window-destroyed" for "2147483681"
1518517779905	Marionette	DEBUG	Received observer notification "outer-window-destroyed" for "2147483682"
1518517780178	Marionette	DEBUG	Received DOM event "DOMContentLoaded" for "https://www.facebook.com/"
1518517790786	Marionette	DEBUG	Received observer notification "outer-window-destroyed" for "2147483698"
1518517794735	Marionette	DEBUG	Received DOM event "pageshow" for "https://www.facebook.com/"
1518517825176	Marionette	DEBUG	Received DOM event "beforeunload" for "https://www.facebook.com/groups/151014724941578/"
1518517825474	Marionette	DEBUG	Received DOM event "pagehide" for "https://www.facebook.com/groups/151014724941578/"
1518517825499	Marionette	DEBUG	Received DOM event "unload" for "https://www.facebook.com/groups/151014724941578/"
1518517827391	Marionette	DEBUG	Received DOM event "DOMContentLoaded" for "https://www.facebook.com/groups/151014724941578/"
1518517828401	Marionette	DEBUG	Received DOM event "pageshow" for "https://www.facebook.com/groups/151014724941578/"
JavaScript error: resource://gre/modules/XPCOMUtils.jsm, line 266: TypeError: Cc[aContract] is undefined
1518518304413	geckodriver	INFO	geckodriver 0.19.1
1518518304416	geckodriver	INFO	Listening on 127.0.0.1:53229
1518518305601	mozrunner::runner	INFO	Running command: "/usr/bin/firefox" "-marionette" "-profile" "/tmp/rust_mozprofile.evuKDsatpxBJ"
1518518305803	addons.xpi	WARN	Can't get modified time of /usr/lib64/firefox/browser/features/aushelper@mozilla.org.xpi
1518518305901	addons.xpi-utils	WARN	addMetadata: Add-on aushelper@mozilla.org is invalid: [Exception... "Component returned failure code: 0x80520006 (NS_ERROR_FILE_TARGET_DOES_NOT_EXIST) [nsIFile.isFile]"  nsresult: "0x80520006 (NS_ERROR_FILE_TARGET_DOES_NOT_EXIST)"  location: "JS frame :: resource://gre/modules/addons/XPIInstall.jsm :: this.loadManifestFromFile :: line 971"  data: no] Stack trace: this.loadManifestFromFile()@resource://gre/modules/addons/XPIInstall.jsm:971 < syncLoadManifestFromFile()@resource://gre/modules/addons/XPIProvider.jsm:947 < addMetadata()@resource://gre/modules/addons/XPIProvider.jsm -> resource://gre/modules/addons/XPIProviderUtils.js:1231 < processFileChanges()@resource://gre/modules/addons/XPIProvider.jsm -> resource://gre/modules/addons/XPIProviderUtils.js:1578 < checkForChanges()@resource://gre/modules/addons/XPIProvider.jsm:3278 < startup()@resource://gre/modules/addons/XPIProvider.jsm:2182 < callProvider()@resource://gre/modules/AddonManager.jsm:263 < _startProvider()@resource://gre/modules/AddonManager.jsm:730 < startup()@resource://gre/modules/AddonManager.jsm:897 < startup()@resource://gre/modules/AddonManager.jsm:3081 < observe()@jar:file:///usr/lib64/firefox/omni.ja!/components/addonManager.js:65
1518518305902	addons.xpi-utils	WARN	Could not uninstall invalid item from locked install location
1518518306016	Marionette	INFO	Enabled via --marionette
JavaScript error: resource://gre/modules/XPCOMUtils.jsm, line 266: TypeError: Cc[aContract] is undefined
1518518307226	addons.xpi	WARN	Can't get modified time of /usr/lib64/firefox/browser/features/aushelper@mozilla.org.xpi
1518518307522	Marionette	INFO	Listening on port 37671
1518518307613	Marionette	WARN	TLS certificate errors will be ignored for this session
1518518307675	Marionette	DEBUG	Register listener.js for window 2147483651
1518518307692	Marionette	DEBUG	Register listener.js for window 2147483649
1518518307705	Marionette	DEBUG	Register listener.js for window 2147483653
1518518307710	Marionette	DEBUG	Received DOM event "beforeunload" for "https://nac.nitk.ac.in:8090/"
1518518307722	Marionette	DEBUG	Received DOM event "pagehide" for "https://nac.nitk.ac.in:8090/"
1518518307722	Marionette	DEBUG	Received DOM event "unload" for "https://nac.nitk.ac.in:8090/"
1518518307730	Marionette	DEBUG	Received DOM event "pageshow" for "http://facebook.com/"
1518518307735	Marionette	DEBUG	Received DOM event "DOMContentLoaded" for "http://facebook.com/"
1518518307789	Marionette	DEBUG	Received DOM event "DOMContentLoaded" for "https://nac.nitk.ac.in:8090/"
1518518307793	Marionette	DEBUG	Received DOM event "pageshow" for "https://nac.nitk.ac.in:8090/"

(/usr/lib64/firefox/firefox:11921): dconf-WARNING **: Unable to open /var/lib/flatpak/exports/share/dconf/profile/user: Permission denied
1518518317010	Marionette	DEBUG	Register listener.js for window 2147483661
JavaScript error: https://code.jquery.com/ui/1.12.1/jquery-ui.min.js, line 6: ReferenceError: jQuery is not defined
JavaScript error: http://intranet.nitk.ac.in/home/notices, line 50: ReferenceError: $ is not defined
1518518319212	geckodriver	INFO	geckodriver 0.19.1
1518518319215	geckodriver	INFO	Listening on 127.0.0.1:42343
1518518320397	mozrunner::runner	INFO	Running command: "/usr/bin/firefox" "-marionette" "-profile" "/tmp/rust_mozprofile.sI39dQQbcHD6"
1518518320590	addons.xpi	WARN	Can't get modified time of /usr/lib64/firefox/browser/features/aushelper@mozilla.org.xpi
1518518320689	addons.xpi-utils	WARN	addMetadata: Add-on aushelper@mozilla.org is invalid: [Exception... "Component returned failure code: 0x80520006 (NS_ERROR_FILE_TARGET_DOES_NOT_EXIST) [nsIFile.isFile]"  nsresult: "0x80520006 (NS_ERROR_FILE_TARGET_DOES_NOT_EXIST)"  location: "JS frame :: resource://gre/modules/addons/XPIInstall.jsm :: this.loadManifestFromFile :: line 971"  data: no] Stack trace: this.loadManifestFromFile()@resource://gre/modules/addons/XPIInstall.jsm:971 < syncLoadManifestFromFile()@resource://gre/modules/addons/XPIProvider.jsm:947 < addMetadata()@resource://gre/modules/addons/XPIProvider.jsm -> resource://gre/modules/addons/XPIProviderUtils.js:1231 < processFileChanges()@resource://gre/modules/addons/XPIProvider.jsm -> resource://gre/modules/addons/XPIProviderUtils.js:1578 < checkForChanges()@resource://gre/modules/addons/XPIProvider.jsm:3278 < startup()@resource://gre/modules/addons/XPIProvider.jsm:2182 < callProvider()@resource://gre/modules/AddonManager.jsm:263 < _startProvider()@resource://gre/modules/AddonManager.jsm:730 < startup()@resource://gre/modules/AddonManager.jsm:897 < startup()@resource://gre/modules/AddonManager.jsm:3081 < observe()@jar:file:///usr/lib64/firefox/omni.ja!/components/addonManager.js:65
1518518320690	addons.xpi-utils	WARN	Could not uninstall invalid item from locked install location
1518518320812	Marionette	INFO	Enabled via --marionette
1518518321753	addons.xpi	WARN	Can't get modified time of /usr/lib64/firefox/browser/features/aushelper@mozilla.org.xpi
1518518321910	Marionette	INFO	Listening on port 38151
1518518322071	Marionette	WARN	TLS certificate errors will be ignored for this session
1518518322128	Marionette	DEBUG	Register listener.js for window 2147483649
1518518322164	Marionette	DEBUG	Received DOM event "beforeunload" for "about:blank"
1518518323880	Marionette	DEBUG	Received DOM event "pagehide" for "about:blank"
1518518323881	Marionette	DEBUG	Received DOM event "unload" for "about:blank"
1518518324552	Marionette	DEBUG	Received DOM event "DOMContentLoaded" for "https://www.facebook.com/"
1518518326688	Marionette	DEBUG	Received observer notification "outer-window-destroyed" for "2147483658"
1518518327809	Marionette	DEBUG	Received DOM event "pageshow" for "https://www.facebook.com/"
1518518348833	geckodriver	INFO	geckodriver 0.19.1
1518518348837	geckodriver	INFO	Listening on 127.0.0.1:41415
1518518350013	mozrunner::runner	INFO	Running command: "/usr/bin/firefox" "-marionette" "-profile" "/tmp/rust_mozprofile.qpKOU9eMb7MN"
1518518350203	addons.xpi	WARN	Can't get modified time of /usr/lib64/firefox/browser/features/aushelper@mozilla.org.xpi
1518518350301	addons.xpi-utils	WARN	addMetadata: Add-on aushelper@mozilla.org is invalid: [Exception... "Component returned failure code: 0x80520006 (NS_ERROR_FILE_TARGET_DOES_NOT_EXIST) [nsIFile.isFile]"  nsresult: "0x80520006 (NS_ERROR_FILE_TARGET_DOES_NOT_EXIST)"  location: "JS frame :: resource://gre/modules/addons/XPIInstall.jsm :: this.loadManifestFromFile :: line 971"  data: no] Stack trace: this.loadManifestFromFile()@resource://gre/modules/addons/XPIInstall.jsm:971 < syncLoadManifestFromFile()@resource://gre/modules/addons/XPIProvider.jsm:947 < addMetadata()@resource://gre/modules/addons/XPIProvider.jsm -> resource://gre/modules/addons/XPIProviderUtils.js:1231 < processFileChanges()@resource://gre/modules/addons/XPIProvider.jsm -> resource://gre/modules/addons/XPIProviderUtils.js:1578 < checkForChanges()@resource://gre/modules/addons/XPIProvider.jsm:3278 < startup()@resource://gre/modules/addons/XPIProvider.jsm:2182 < callProvider()@resource://gre/modules/AddonManager.jsm:263 < _startProvider()@resource://gre/modules/AddonManager.jsm:730 < startup()@resource://gre/modules/AddonManager.jsm:897 < startup()@resource://gre/modules/AddonManager.jsm:3081 < observe()@jar:file:///usr/lib64/firefox/omni.ja!/components/addonManager.js:65
1518518350302	addons.xpi-utils	WARN	Could not uninstall invalid item from locked install location
1518518350414	Marionette	INFO	Enabled via --marionette
1518518351389	addons.xpi	WARN	Can't get modified time of /usr/lib64/firefox/browser/features/aushelper@mozilla.org.xpi
1518518351548	Marionette	INFO	Listening on port 36817
1518518351712	Marionette	WARN	TLS certificate errors will be ignored for this session
1518518351771	Marionette	DEBUG	Register listener.js for window 2147483649
1518518351822	Marionette	DEBUG	Received DOM event "beforeunload" for "about:blank"
1518518353506	Marionette	DEBUG	Received DOM event "pagehide" for "about:blank"
1518518353507	Marionette	DEBUG	Received DOM event "unload" for "about:blank"
1518518354217	Marionette	DEBUG	Received DOM event "DOMContentLoaded" for "https://www.facebook.com/"
1518518355347	Marionette	DEBUG	Received DOM event "pageshow" for "https://www.facebook.com/"
1518518376785	geckodriver	INFO	geckodriver 0.19.1
1518518376789	geckodriver	INFO	Listening on 127.0.0.1:48085
1518518377944	mozrunner::runner	INFO	Running command: "/usr/bin/firefox" "-marionette" "-profile" "/tmp/rust_mozprofile.Akcv4uO0STIN"
1518518378137	addons.xpi	WARN	Can't get modified time of /usr/lib64/firefox/browser/features/aushelper@mozilla.org.xpi
1518518378235	addons.xpi-utils	WARN	addMetadata: Add-on aushelper@mozilla.org is invalid: [Exception... "Component returned failure code: 0x80520006 (NS_ERROR_FILE_TARGET_DOES_NOT_EXIST) [nsIFile.isFile]"  nsresult: "0x80520006 (NS_ERROR_FILE_TARGET_DOES_NOT_EXIST)"  location: "JS frame :: resource://gre/modules/addons/XPIInstall.jsm :: this.loadManifestFromFile :: line 971"  data: no] Stack trace: this.loadManifestFromFile()@resource://gre/modules/addons/XPIInstall.jsm:971 < syncLoadManifestFromFile()@resource://gre/modules/addons/XPIProvider.jsm:947 < addMetadata()@resource://gre/modules/addons/XPIProvider.jsm -> resource://gre/modules/addons/XPIProviderUtils.js:1231 < processFileChanges()@resource://gre/modules/addons/XPIProvider.jsm -> resource://gre/modules/addons/XPIProviderUtils.js:1578 < checkForChanges()@resource://gre/modules/addons/XPIProvider.jsm:3278 < startup()@resource://gre/modules/addons/XPIProvider.jsm:2182 < callProvider()@resource://gre/modules/AddonManager.jsm:263 < _startProvider()@resource://gre/modules/AddonManager.jsm:730 < startup()@resource://gre/modules/AddonManager.jsm:897 < startup()@resource://gre/modules/AddonManager.jsm:3081 < observe()@jar:file:///usr/lib64/firefox/omni.ja!/components/addonManager.js:65
1518518378236	addons.xpi-utils	WARN	Could not uninstall invalid item from locked install location
1518518378377	Marionette	INFO	Enabled via --marionette
1518518379323	addons.xpi	WARN	Can't get modified time of /usr/lib64/firefox/browser/features/aushelper@mozilla.org.xpi
1518518379481	Marionette	INFO	Listening on port 35805
1518518379672	Marionette	WARN	TLS certificate errors will be ignored for this session
1518518379730	Marionette	DEBUG	Register listener.js for window 2147483649
1518518379770	Marionette	DEBUG	Received DOM event "beforeunload" for "about:blank"
1518518381376	Marionette	DEBUG	Received DOM event "pagehide" for "about:blank"
1518518381378	Marionette	DEBUG	Received DOM event "unload" for "about:blank"
1518518382947	Marionette	DEBUG	Received DOM event "DOMContentLoaded" for "https://www.facebook.com/"
1518518388232	Marionette	DEBUG	Received observer notification "outer-window-destroyed" for "2147483658"
1518518389303	Marionette	DEBUG	Received DOM event "pageshow" for "https://www.facebook.com/"
1518518389531	Marionette	DEBUG	Received DOM event "beforeunload" for "https://www.facebook.com/"
1518518391005	Marionette	DEBUG	Received DOM event "pagehide" for "https://www.facebook.com/"
1518518391018	Marionette	DEBUG	Received DOM event "unload" for "https://www.facebook.com/"
1518518392320	Marionette	DEBUG	Received DOM event "DOMContentLoaded" for "https://www.facebook.com/"
1518518392338	Marionette	DEBUG	Received observer notification "outer-window-destroyed" for "2147483661"
1518518392338	Marionette	DEBUG	Received observer notification "outer-window-destroyed" for "2147483663"
1518518392339	Marionette	DEBUG	Received observer notification "outer-window-destroyed" for "2147483664"
1518518392339	Marionette	DEBUG	Received observer notification "outer-window-destroyed" for "2147483665"
1518518392339	Marionette	DEBUG	Received observer notification "outer-window-destroyed" for "2147483666"
1518518392340	Marionette	DEBUG	Received observer notification "outer-window-destroyed" for "2147483675"
1518518392340	Marionette	DEBUG	Received observer notification "outer-window-destroyed" for "2147483667"
1518518392340	Marionette	DEBUG	Received observer notification "outer-window-destroyed" for "2147483656"
1518518392341	Marionette	DEBUG	Received observer notification "outer-window-destroyed" for "2147483653"
1518518395614	Marionette	DEBUG	Received observer notification "outer-window-destroyed" for "2147483684"
1518518395944	Marionette	DEBUG	Received observer notification "outer-window-destroyed" for "2147483686"
1518518427435	Marionette	DEBUG	Received DOM event "pageshow" for "https://www.facebook.com/"
1518518427469	Marionette	DEBUG	Received DOM event "beforeunload" for "https://www.facebook.com/"
1518518427927	Marionette	DEBUG	Received DOM event "pagehide" for "https://www.facebook.com/"
1518518427939	Marionette	DEBUG	Received DOM event "unload" for "https://www.facebook.com/"
1518518428474	Marionette	DEBUG	Received observer notification "outer-window-destroyed" for "2147483678"
1518518428475	Marionette	DEBUG	Received observer notification "outer-window-destroyed" for "2147483679"
1518518430457	Marionette	DEBUG	Received DOM event "DOMContentLoaded" for "https://www.facebook.com/groups/151014724941578/"
1518518433644	Marionette	DEBUG	Received DOM event "pageshow" for "https://www.facebook.com/groups/151014724941578/"
[Child 12931, Chrome_ChildThread] WARNING: pipe error (20): Connection reset by peer: file /builddir/build/BUILD/firefox-57.0.4/ipc/chromium/src/chrome/common/ipc_channel_posix.cc, line 353
Sandbox: Unexpected EOF, op 0 flags 0302 path /dev/shm/org.chromium.IyNjHe

###!!! [Child][MessageChannel] Error: (msgtype=0x470005,name=PLayerTransaction::Msg_NewCompositable) Channel error: cannot send/recv


###!!! [Child][MessageChannel] Error: (msgtype=0x470005,name=PLayerTransaction::Msg_NewCompositable) Channel error: cannot send/recv


###!!! [Child][MessageChannel] Error: (msgtype=0x470005,name=PLayerTransaction::Msg_NewCompositable) Channel error: cannot send/recv

[GFX1-]: Failed 2 buffer db=0 dw=0 for 217, 440, 502, 353

###!!! [Child][MessageChannel] Error: (msgtype=0x470005,name=PLayerTransaction::Msg_NewCompositable) Channel error: cannot send/recv


###!!! [Child][MessageChannel] Error: (msgtype=0x470001,name=PLayerTransaction::Msg_InitReadLocks) Channel error: cannot send/recv

[Child 12931, Main Thread] WARNING: FileDescriptorSet destroyed with unconsumed descriptors: file /builddir/build/BUILD/firefox-57.0.4/ipc/chromium/src/chrome/common/file_descriptor_set_posix.cc, line 22

###!!! [Child][MessageChannel] Error: (msgtype=0x470007,name=PLayerTransaction::Msg_ReleaseCompositable) Channel error: cannot send/recv


###!!! [Child][MessageChannel] Error: (msgtype=0x470006,name=PLayerTransaction::Msg_ReleaseLayer) Channel error: cannot send/recv


###!!! [Child][MessageChannel] Error: (msgtype=0x470007,name=PLayerTransaction::Msg_ReleaseCompositable) Channel error: cannot send/recv


###!!! [Child][MessageChannel] Error: (msgtype=0x470006,name=PLayerTransaction::Msg_ReleaseLayer) Channel error: cannot send/recv


###!!! [Child][MessageChannel] Error: (msgtype=0x470007,name=PLayerTransaction::Msg_ReleaseCompositable) Channel error: cannot send/recv


###!!! [Child][MessageChannel] Error: (msgtype=0x470006,name=PLayerTransaction::Msg_ReleaseLayer) Channel error: cannot send/recv

IPDL protocol error: Handler returned error code!

###!!! [Parent][DispatchAsyncMessage] Error: PLayerTransaction::Msg_ReleaseLayer Processing error: message was deserialized, but the handler returned false (indicating failure)

1518518594871	geckodriver	INFO	geckodriver 0.19.1
1518518594874	geckodriver	INFO	Listening on 127.0.0.1:52613
1518518596024	mozrunner::runner	INFO	Running command: "/usr/bin/firefox" "-marionette" "-profile" "/tmp/rust_mozprofile.x0z2joCEtcT9"
1518518596212	addons.xpi	WARN	Can't get modified time of /usr/lib64/firefox/browser/features/aushelper@mozilla.org.xpi
1518518596306	addons.xpi-utils	WARN	addMetadata: Add-on aushelper@mozilla.org is invalid: [Exception... "Component returned failure code: 0x80520006 (NS_ERROR_FILE_TARGET_DOES_NOT_EXIST) [nsIFile.isFile]"  nsresult: "0x80520006 (NS_ERROR_FILE_TARGET_DOES_NOT_EXIST)"  location: "JS frame :: resource://gre/modules/addons/XPIInstall.jsm :: this.loadManifestFromFile :: line 971"  data: no] Stack trace: this.loadManifestFromFile()@resource://gre/modules/addons/XPIInstall.jsm:971 < syncLoadManifestFromFile()@resource://gre/modules/addons/XPIProvider.jsm:947 < addMetadata()@resource://gre/modules/addons/XPIProvider.jsm -> resource://gre/modules/addons/XPIProviderUtils.js:1231 < processFileChanges()@resource://gre/modules/addons/XPIProvider.jsm -> resource://gre/modules/addons/XPIProviderUtils.js:1578 < checkForChanges()@resource://gre/modules/addons/XPIProvider.jsm:3278 < startup()@resource://gre/modules/addons/XPIProvider.jsm:2182 < callProvider()@resource://gre/modules/AddonManager.jsm:263 < _startProvider()@resource://gre/modules/AddonManager.jsm:730 < startup()@resource://gre/modules/AddonManager.jsm:897 < startup()@resource://gre/modules/AddonManager.jsm:3081 < observe()@jar:file:///usr/lib64/firefox/omni.ja!/components/addonManager.js:65
1518518596307	addons.xpi-utils	WARN	Could not uninstall invalid item from locked install location
1518518596418	Marionette	INFO	Enabled via --marionette
1518518597297	addons.xpi	WARN	Can't get modified time of /usr/lib64/firefox/browser/features/aushelper@mozilla.org.xpi
1518518597467	Marionette	INFO	Listening on port 43239
1518518597636	Marionette	WARN	TLS certificate errors will be ignored for this session
1518518597697	Marionette	DEBUG	Register listener.js for window 2147483649
1518518597736	Marionette	DEBUG	Received DOM event "beforeunload" for "about:blank"
1518518599391	Marionette	DEBUG	Received DOM event "pagehide" for "about:blank"
1518518599392	Marionette	DEBUG	Received DOM event "unload" for "about:blank"
1518518600943	Marionette	DEBUG	Received DOM event "DOMContentLoaded" for "https://www.facebook.com/"
1518518602019	Marionette	DEBUG	Received DOM event "pageshow" for "https://www.facebook.com/"
1518518602222	Marionette	DEBUG	Received DOM event "beforeunload" for "https://www.facebook.com/"
1518518603553	Marionette	DEBUG	Received DOM event "pagehide" for "https://www.facebook.com/"
1518518603566	Marionette	DEBUG	Received DOM event "unload" for "https://www.facebook.com/"
1518518604135	Marionette	DEBUG	Received observer notification "outer-window-destroyed" for "2147483653"
1518518604709	Marionette	DEBUG	Received DOM event "DOMContentLoaded" for "https://www.facebook.com/"
1518518606272	Marionette	DEBUG	Received observer notification "outer-window-destroyed" for "2147483665"
1518518606342	Marionette	DEBUG	Received observer notification "outer-window-destroyed" for "2147483663"
1518518641089	Marionette	DEBUG	Received DOM event "pageshow" for "https://www.facebook.com/"
1518518641123	Marionette	DEBUG	Received DOM event "beforeunload" for "https://www.facebook.com/"
1518518641638	Marionette	DEBUG	Received DOM event "pagehide" for "https://www.facebook.com/"
1518518641670	Marionette	DEBUG	Received DOM event "unload" for "https://www.facebook.com/"
1518518642276	Marionette	DEBUG	Received observer notification "outer-window-destroyed" for "2147483657"
1518518642277	Marionette	DEBUG	Received observer notification "outer-window-destroyed" for "2147483658"
1518518643887	Marionette	DEBUG	Received DOM event "DOMContentLoaded" for "https://www.facebook.com/groups/151014724941578/"
1518518688485	Marionette	DEBUG	Received observer notification "outer-window-destroyed" for "2147483649"
