1517637822453	geckodriver	INFO	geckodriver 0.19.1
1517637822472	geckodriver	INFO	Listening on 127.0.0.1:49149
1517637823781	mozrunner::runner	INFO	Running command: "/usr/bin/firefox" "-marionette" "-profile" "/tmp/rust_mozprofile.gG7TkhjZS9nK"
1517637824233	addons.xpi	WARN	Can't get modified time of /usr/lib64/firefox/browser/features/aushelper@mozilla.org.xpi
1517637824366	addons.xpi-utils	WARN	addMetadata: Add-on aushelper@mozilla.org is invalid: [Exception... "Component returned failure code: 0x80520006 (NS_ERROR_FILE_TARGET_DOES_NOT_EXIST) [nsIFile.isFile]"  nsresult: "0x80520006 (NS_ERROR_FILE_TARGET_DOES_NOT_EXIST)"  location: "JS frame :: resource://gre/modules/addons/XPIInstall.jsm :: this.loadManifestFromFile :: line 971"  data: no] Stack trace: this.loadManifestFromFile()@resource://gre/modules/addons/XPIInstall.jsm:971 < syncLoadManifestFromFile()@resource://gre/modules/addons/XPIProvider.jsm:947 < addMetadata()@resource://gre/modules/addons/XPIProvider.jsm -> resource://gre/modules/addons/XPIProviderUtils.js:1231 < processFileChanges()@resource://gre/modules/addons/XPIProvider.jsm -> resource://gre/modules/addons/XPIProviderUtils.js:1578 < checkForChanges()@resource://gre/modules/addons/XPIProvider.jsm:3278 < startup()@resource://gre/modules/addons/XPIProvider.jsm:2182 < callProvider()@resource://gre/modules/AddonManager.jsm:263 < _startProvider()@resource://gre/modules/AddonManager.jsm:730 < startup()@resource://gre/modules/AddonManager.jsm:897 < startup()@resource://gre/modules/AddonManager.jsm:3081 < observe()@jar:file:///usr/lib64/firefox/omni.ja!/components/addonManager.js:65
1517637824368	addons.xpi-utils	WARN	Could not uninstall invalid item from locked install location
1517637824564	Marionette	INFO	Enabled via --marionette
1517637825736	addons.xpi	WARN	Can't get modified time of /usr/lib64/firefox/browser/features/aushelper@mozilla.org.xpi
1517637825892	Marionette	INFO	Listening on port 36863
1517637826056	Marionette	WARN	TLS certificate errors will be ignored for this session
1517637826114	Marionette	DEBUG	Register listener.js for window 2147483649
1517637826142	Marionette	DEBUG	Received DOM event "beforeunload" for "about:blank"
1517637828350	Marionette	DEBUG	Received DOM event "pagehide" for "about:blank"
1517637828351	Marionette	DEBUG	Received DOM event "unload" for "about:blank"
1517637830205	Marionette	DEBUG	Received DOM event "DOMContentLoaded" for "http://e-tjanster.pts.se/telefoni/"
1517637830974	Marionette	DEBUG	Received DOM event "pageshow" for "http://e-tjanster.pts.se/telefoni/"
1517637854266	Marionette	DEBUG	Canceled page load listener because no navigation has been detected
1517637854558	Marionette	DEBUG	Canceled page load listener because no navigation has been detected
1517637854644	Marionette	DEBUG	Received DOM event "beforeunload" for "https://nummer.pts.se/NbrPlanSearch/GetNumbers"
1517637857361	Marionette	DEBUG	Received DOM event "pagehide" for "https://nummer.pts.se/NbrPlanSearch/GetNumbers"
1517637857362	Marionette	DEBUG	Received DOM event "unload" for "https://nummer.pts.se/NbrPlanSearch/GetNumbers"
1517637857526	Marionette	DEBUG	Received DOM event "DOMContentLoaded" for "https://nummer.pts.se/NbrPlanSearch"
1517637857771	Marionette	DEBUG	Received DOM event "pageshow" for "https://nummer.pts.se/NbrPlanSearch"
1517637860306	Marionette	DEBUG	Received DOM event "beforeunload" for "https://nummer.pts.se/NbrPlanSearch"
1517637861430	Marionette	DEBUG	Received DOM event "pagehide" for "https://nummer.pts.se/NbrPlanSearch"
1517637861431	Marionette	DEBUG	Received DOM event "unload" for "https://nummer.pts.se/NbrPlanSearch"
1517637864107	Marionette	DEBUG	Received DOM event "DOMContentLoaded" for "https://nummer.pts.se/VisaPorteringar/id/35516"
1517637864140	Marionette	DEBUG	Received DOM event "pageshow" for "https://nummer.pts.se/VisaPorteringar/id/35516"
1517637866725	Marionette	DEBUG	Received DOM event "beforeunload" for "https://nummer.pts.se/VisaPorteringar/id/35516"
1517637867610	Marionette	DEBUG	Received DOM event "pagehide" for "https://nummer.pts.se/VisaPorteringar/id/35516"
1517637867612	Marionette	DEBUG	Received DOM event "unload" for "https://nummer.pts.se/VisaPorteringar/id/35516"
1517637870700	Marionette	DEBUG	Received DOM event "DOMContentLoaded" for "https://nummer.pts.se/VisaPorteringar/id/35517"
1517637870734	Marionette	DEBUG	Received DOM event "pageshow" for "https://nummer.pts.se/VisaPorteringar/id/35517"
1517637873473	Marionette	DEBUG	Received DOM event "beforeunload" for "https://nummer.pts.se/VisaPorteringar/id/35517"
1517637874345	Marionette	DEBUG	Received DOM event "pagehide" for "https://nummer.pts.se/VisaPorteringar/id/35517"
1517637874347	Marionette	DEBUG	Received DOM event "unload" for "https://nummer.pts.se/VisaPorteringar/id/35517"
1517637877329	Marionette	DEBUG	Received DOM event "DOMContentLoaded" for "https://nummer.pts.se/VisaPorteringar/id/35518"
1517637877362	Marionette	DEBUG	Received DOM event "pageshow" for "https://nummer.pts.se/VisaPorteringar/id/35518"
1517637880266	Marionette	DEBUG	Received DOM event "beforeunload" for "https://nummer.pts.se/VisaPorteringar/id/35518"
1517637881150	Marionette	DEBUG	Received DOM event "pagehide" for "https://nummer.pts.se/VisaPorteringar/id/35518"
1517637881151	Marionette	DEBUG	Received DOM event "unload" for "https://nummer.pts.se/VisaPorteringar/id/35518"
1517637883748	Marionette	DEBUG	Received DOM event "DOMContentLoaded" for "https://nummer.pts.se/VisaPorteringar/id/35519"
1517637883777	Marionette	DEBUG	Received DOM event "pageshow" for "https://nummer.pts.se/VisaPorteringar/id/35519"
1517637886408	Marionette	DEBUG	Received DOM event "beforeunload" for "https://nummer.pts.se/VisaPorteringar/id/35519"
1517637887251	Marionette	DEBUG	Received DOM event "pagehide" for "https://nummer.pts.se/VisaPorteringar/id/35519"
1517637887252	Marionette	DEBUG	Received DOM event "unload" for "https://nummer.pts.se/VisaPorteringar/id/35519"
1517637890010	Marionette	DEBUG	Received DOM event "DOMContentLoaded" for "https://nummer.pts.se/VisaPorteringar/id/35520"
1517637890041	Marionette	DEBUG	Received DOM event "pageshow" for "https://nummer.pts.se/VisaPorteringar/id/35520"
1517637892747	Marionette	DEBUG	Received DOM event "beforeunload" for "https://nummer.pts.se/VisaPorteringar/id/35520"
1517637893739	Marionette	DEBUG	Received DOM event "pagehide" for "https://nummer.pts.se/VisaPorteringar/id/35520"
1517637893739	Marionette	DEBUG	Received DOM event "unload" for "https://nummer.pts.se/VisaPorteringar/id/35520"
1517637896434	Marionette	DEBUG	Received DOM event "DOMContentLoaded" for "https://nummer.pts.se/VisaPorteringar/id/35521"
1517637896465	Marionette	DEBUG	Received DOM event "pageshow" for "https://nummer.pts.se/VisaPorteringar/id/35521"
1517637899134	Marionette	DEBUG	Received DOM event "beforeunload" for "https://nummer.pts.se/VisaPorteringar/id/35521"
1517637900053	Marionette	DEBUG	Received DOM event "pagehide" for "https://nummer.pts.se/VisaPorteringar/id/35521"
1517637900054	Marionette	DEBUG	Received DOM event "unload" for "https://nummer.pts.se/VisaPorteringar/id/35521"
1517637903014	Marionette	DEBUG	Received DOM event "DOMContentLoaded" for "https://nummer.pts.se/VisaPorteringar/id/35522"
1517637903050	Marionette	DEBUG	Received DOM event "pageshow" for "https://nummer.pts.se/VisaPorteringar/id/35522"
1517637906010	Marionette	DEBUG	Received DOM event "beforeunload" for "https://nummer.pts.se/VisaPorteringar/id/35522"
1517637906897	Marionette	DEBUG	Received DOM event "pagehide" for "https://nummer.pts.se/VisaPorteringar/id/35522"
1517637906898	Marionette	DEBUG	Received DOM event "unload" for "https://nummer.pts.se/VisaPorteringar/id/35522"
1517637909561	Marionette	DEBUG	Received DOM event "DOMContentLoaded" for "https://nummer.pts.se/VisaPorteringar/id/35523"
1517637909592	Marionette	DEBUG	Received DOM event "pageshow" for "https://nummer.pts.se/VisaPorteringar/id/35523"
1517637912364	Marionette	DEBUG	Received DOM event "beforeunload" for "https://nummer.pts.se/VisaPorteringar/id/35523"
1517637913577	Marionette	DEBUG	Received DOM event "pagehide" for "https://nummer.pts.se/VisaPorteringar/id/35523"
1517637913579	Marionette	DEBUG	Received DOM event "unload" for "https://nummer.pts.se/VisaPorteringar/id/35523"
1517637916253	Marionette	DEBUG	Received DOM event "DOMContentLoaded" for "https://nummer.pts.se/VisaPorteringar/id/35524"
1517637916285	Marionette	DEBUG	Received DOM event "pageshow" for "https://nummer.pts.se/VisaPorteringar/id/35524"
1517637918941	Marionette	DEBUG	Received DOM event "beforeunload" for "https://nummer.pts.se/VisaPorteringar/id/35524"
1517637919798	Marionette	DEBUG	Received DOM event "pagehide" for "https://nummer.pts.se/VisaPorteringar/id/35524"
1517637919800	Marionette	DEBUG	Received DOM event "unload" for "https://nummer.pts.se/VisaPorteringar/id/35524"
1517637922426	Marionette	DEBUG	Received DOM event "DOMContentLoaded" for "https://nummer.pts.se/VisaPorteringar/id/35525"
1517637922457	Marionette	DEBUG	Received DOM event "pageshow" for "https://nummer.pts.se/VisaPorteringar/id/35525"
1517637924962	Marionette	DEBUG	Received DOM event "beforeunload" for "https://nummer.pts.se/VisaPorteringar/id/35525"
1517637953647	Marionette	DEBUG	Received DOM event "pagehide" for "https://nummer.pts.se/VisaPorteringar/id/35525"
1517637953649	Marionette	DEBUG	Received DOM event "unload" for "https://nummer.pts.se/VisaPorteringar/id/35525"
1517637982720	Marionette	DEBUG	Received DOM event "DOMContentLoaded" for "https://nummer.pts.se/VisaPorteringar/id/27009"
1517637983018	Marionette	DEBUG	Received DOM event "pageshow" for "https://nummer.pts.se/VisaPorteringar/id/27009"
1517638010120	Marionette	DEBUG	Received DOM event "beforeunload" for "https://nummer.pts.se/VisaPorteringar/id/27009"
1517638037988	Marionette	DEBUG	Received DOM event "pagehide" for "https://nummer.pts.se/VisaPorteringar/id/27009"
1517638037990	Marionette	DEBUG	Received DOM event "unload" for "https://nummer.pts.se/VisaPorteringar/id/27009"
1517638107865	Marionette	DEBUG	Received DOM event "DOMContentLoaded" for "https://nummer.pts.se/VisaPorteringar/id/27011"
1517638108176	Marionette	DEBUG	Received DOM event "pageshow" for "https://nummer.pts.se/VisaPorteringar/id/27011"
1517638135661	Marionette	DEBUG	Received DOM event "beforeunload" for "https://nummer.pts.se/VisaPorteringar/id/27011"
1517638169694	Marionette	DEBUG	Received DOM event "pagehide" for "https://nummer.pts.se/VisaPorteringar/id/27011"
1517638169695	Marionette	DEBUG	Received DOM event "unload" for "https://nummer.pts.se/VisaPorteringar/id/27011"
1517638204971	Marionette	DEBUG	Received DOM event "DOMContentLoaded" for "https://nummer.pts.se/VisaPorteringar/id/27012"
1517638205286	Marionette	DEBUG	Received DOM event "pageshow" for "https://nummer.pts.se/VisaPorteringar/id/27012"
1517638235906	Marionette	DEBUG	Received DOM event "beforeunload" for "https://nummer.pts.se/VisaPorteringar/id/27012"
1517638236685	Marionette	DEBUG	Received DOM event "pagehide" for "https://nummer.pts.se/VisaPorteringar/id/27012"
1517638236686	Marionette	DEBUG	Received DOM event "unload" for "https://nummer.pts.se/VisaPorteringar/id/27012"
1517638239123	Marionette	DEBUG	Received DOM event "DOMContentLoaded" for "https://nummer.pts.se/VisaPorteringar/id/75990"
1517638239139	Marionette	DEBUG	Received DOM event "pageshow" for "https://nummer.pts.se/VisaPorteringar/id/75990"
1517638241347	Marionette	DEBUG	Received DOM event "beforeunload" for "https://nummer.pts.se/VisaPorteringar/id/75990"
1517638241904	Marionette	DEBUG	Received DOM event "pagehide" for "https://nummer.pts.se/VisaPorteringar/id/75990"
1517638241905	Marionette	DEBUG	Received DOM event "unload" for "https://nummer.pts.se/VisaPorteringar/id/75990"
1517638243097	Marionette	DEBUG	Received DOM event "DOMContentLoaded" for "https://nummer.pts.se/VisaPorteringar/id/75991"
1517638243108	Marionette	DEBUG	Received DOM event "pageshow" for "https://nummer.pts.se/VisaPorteringar/id/75991"
1517638244131	Marionette	DEBUG	Received DOM event "beforeunload" for "https://nummer.pts.se/VisaPorteringar/id/75991"
1517638244867	Marionette	DEBUG	Received DOM event "pagehide" for "https://nummer.pts.se/VisaPorteringar/id/75991"
1517638244868	Marionette	DEBUG	Received DOM event "unload" for "https://nummer.pts.se/VisaPorteringar/id/75991"
1517638246064	Marionette	DEBUG	Received DOM event "DOMContentLoaded" for "https://nummer.pts.se/VisaPorteringar/id/75992"
1517638246076	Marionette	DEBUG	Received DOM event "pageshow" for "https://nummer.pts.se/VisaPorteringar/id/75992"
1517638246994	Marionette	DEBUG	Received DOM event "beforeunload" for "https://nummer.pts.se/VisaPorteringar/id/75992"
1517638247528	Marionette	DEBUG	Received DOM event "pagehide" for "https://nummer.pts.se/VisaPorteringar/id/75992"
1517638247530	Marionette	DEBUG	Received DOM event "unload" for "https://nummer.pts.se/VisaPorteringar/id/75992"
1517638248501	Marionette	DEBUG	Received DOM event "DOMContentLoaded" for "https://nummer.pts.se/VisaPorteringar/id/75993"
1517638248513	Marionette	DEBUG	Received DOM event "pageshow" for "https://nummer.pts.se/VisaPorteringar/id/75993"
1517638249410	Marionette	DEBUG	Received DOM event "beforeunload" for "https://nummer.pts.se/VisaPorteringar/id/75993"
1517638249935	Marionette	DEBUG	Received DOM event "pagehide" for "https://nummer.pts.se/VisaPorteringar/id/75993"
1517638249936	Marionette	DEBUG	Received DOM event "unload" for "https://nummer.pts.se/VisaPorteringar/id/75993"
1517638251003	Marionette	DEBUG	Received DOM event "DOMContentLoaded" for "https://nummer.pts.se/VisaPorteringar/id/75994"
1517638251012	Marionette	DEBUG	Received DOM event "pageshow" for "https://nummer.pts.se/VisaPorteringar/id/75994"
1517638251953	Marionette	DEBUG	Received DOM event "beforeunload" for "https://nummer.pts.se/VisaPorteringar/id/75994"
1517638252406	Marionette	DEBUG	Received DOM event "pagehide" for "https://nummer.pts.se/VisaPorteringar/id/75994"
1517638252407	Marionette	DEBUG	Received DOM event "unload" for "https://nummer.pts.se/VisaPorteringar/id/75994"
1517638252574	Marionette	DEBUG	Received DOM event "DOMContentLoaded" for "https://nummer.pts.se/VisaPorteringar/id/81589"
1517638252639	Marionette	DEBUG	Received DOM event "pageshow" for "https://nummer.pts.se/VisaPorteringar/id/81589"
1517638252801	Marionette	DEBUG	Received DOM event "beforeunload" for "https://nummer.pts.se/VisaPorteringar/id/81589"
1517638255100	Marionette	DEBUG	Received DOM event "pagehide" for "https://nummer.pts.se/VisaPorteringar/id/81589"
1517638255100	Marionette	DEBUG	Received DOM event "unload" for "https://nummer.pts.se/VisaPorteringar/id/81589"
1517638255473	Marionette	DEBUG	Received DOM event "DOMContentLoaded" for "https://nummer.pts.se/VisaPorteringar/id/81590"
1517638255476	Marionette	DEBUG	Received DOM event "pageshow" for "https://nummer.pts.se/VisaPorteringar/id/81590"
1517638256326	Marionette	DEBUG	Received DOM event "beforeunload" for "https://nummer.pts.se/VisaPorteringar/id/81590"
1517638256837	Marionette	DEBUG	Received DOM event "pagehide" for "https://nummer.pts.se/VisaPorteringar/id/81590"
1517638256837	Marionette	DEBUG	Received DOM event "unload" for "https://nummer.pts.se/VisaPorteringar/id/81590"
1517638257205	Marionette	DEBUG	Received DOM event "DOMContentLoaded" for "https://nummer.pts.se/VisaPorteringar/id/81591"
1517638257209	Marionette	DEBUG	Received DOM event "pageshow" for "https://nummer.pts.se/VisaPorteringar/id/81591"
1517638257229	Marionette	DEBUG	Received DOM event "beforeunload" for "https://nummer.pts.se/VisaPorteringar/id/81591"
1517638257679	Marionette	DEBUG	Received DOM event "pagehide" for "https://nummer.pts.se/VisaPorteringar/id/81591"
1517638257680	Marionette	DEBUG	Received DOM event "unload" for "https://nummer.pts.se/VisaPorteringar/id/81591"
1517638257786	Marionette	DEBUG	Received DOM event "DOMContentLoaded" for "https://nummer.pts.se/VisaPorteringar/id/93133"
1517638257795	Marionette	DEBUG	Received DOM event "pageshow" for "https://nummer.pts.se/VisaPorteringar/id/93133"
1517638257823	Marionette	DEBUG	Received DOM event "beforeunload" for "https://nummer.pts.se/VisaPorteringar/id/93133"
1517638258287	Marionette	DEBUG	Received DOM event "pagehide" for "https://nummer.pts.se/VisaPorteringar/id/93133"
1517638258289	Marionette	DEBUG	Received DOM event "unload" for "https://nummer.pts.se/VisaPorteringar/id/93133"
1517638258395	Marionette	DEBUG	Received DOM event "DOMContentLoaded" for "https://nummer.pts.se/VisaPorteringar/id/81593"
1517638258397	Marionette	DEBUG	Received DOM event "pageshow" for "https://nummer.pts.se/VisaPorteringar/id/81593"
1517638258423	Marionette	DEBUG	Received DOM event "beforeunload" for "https://nummer.pts.se/VisaPorteringar/id/81593"
1517638258837	Marionette	DEBUG	Received DOM event "pagehide" for "https://nummer.pts.se/VisaPorteringar/id/81593"
1517638258840	Marionette	DEBUG	Received DOM event "unload" for "https://nummer.pts.se/VisaPorteringar/id/81593"
1517638258944	Marionette	DEBUG	Received DOM event "DOMContentLoaded" for "https://nummer.pts.se/VisaPorteringar/id/81594"
1517638258948	Marionette	DEBUG	Received DOM event "pageshow" for "https://nummer.pts.se/VisaPorteringar/id/81594"
1517638258968	Marionette	DEBUG	Received DOM event "beforeunload" for "https://nummer.pts.se/VisaPorteringar/id/81594"
1517638259405	Marionette	DEBUG	Received DOM event "pagehide" for "https://nummer.pts.se/VisaPorteringar/id/81594"
1517638259407	Marionette	DEBUG	Received DOM event "unload" for "https://nummer.pts.se/VisaPorteringar/id/81594"
1517638259509	Marionette	DEBUG	Received DOM event "DOMContentLoaded" for "https://nummer.pts.se/VisaPorteringar/id/81598"
1517638259511	Marionette	DEBUG	Received DOM event "pageshow" for "https://nummer.pts.se/VisaPorteringar/id/81598"
1517638259528	Marionette	DEBUG	Received DOM event "beforeunload" for "https://nummer.pts.se/VisaPorteringar/id/81598"
1517638259954	Marionette	DEBUG	Received DOM event "pagehide" for "https://nummer.pts.se/VisaPorteringar/id/81598"
1517638259955	Marionette	DEBUG	Received DOM event "unload" for "https://nummer.pts.se/VisaPorteringar/id/81598"
1517638260065	Marionette	DEBUG	Received DOM event "DOMContentLoaded" for "https://nummer.pts.se/VisaPorteringar/id/80643"
1517638260067	Marionette	DEBUG	Received DOM event "pageshow" for "https://nummer.pts.se/VisaPorteringar/id/80643"
1517638260084	Marionette	DEBUG	Received DOM event "beforeunload" for "https://nummer.pts.se/VisaPorteringar/id/80643"
1517638260602	Marionette	DEBUG	Received DOM event "pagehide" for "https://nummer.pts.se/VisaPorteringar/id/80643"
1517638260602	Marionette	DEBUG	Received DOM event "unload" for "https://nummer.pts.se/VisaPorteringar/id/80643"
1517638261082	Marionette	DEBUG	Received DOM event "DOMContentLoaded" for "https://nummer.pts.se/VisaPorteringar/id/80397"
1517638261282	Marionette	DEBUG	Received DOM event "pageshow" for "https://nummer.pts.se/VisaPorteringar/id/80397"
1517638261869	Marionette	DEBUG	Received DOM event "beforeunload" for "https://nummer.pts.se/VisaPorteringar/id/80397"
1517638262379	Marionette	DEBUG	Received DOM event "pagehide" for "https://nummer.pts.se/VisaPorteringar/id/80397"
1517638262380	Marionette	DEBUG	Received DOM event "unload" for "https://nummer.pts.se/VisaPorteringar/id/80397"
1517638263109	Marionette	DEBUG	Received DOM event "DOMContentLoaded" for "https://nummer.pts.se/VisaPorteringar/id/80398"
1517638263116	Marionette	DEBUG	Received DOM event "pageshow" for "https://nummer.pts.se/VisaPorteringar/id/80398"
1517638263743	Marionette	DEBUG	Received DOM event "beforeunload" for "https://nummer.pts.se/VisaPorteringar/id/80398"
1517638264274	Marionette	DEBUG	Received DOM event "pagehide" for "https://nummer.pts.se/VisaPorteringar/id/80398"
1517638264275	Marionette	DEBUG	Received DOM event "unload" for "https://nummer.pts.se/VisaPorteringar/id/80398"
1517638264995	Marionette	DEBUG	Received DOM event "DOMContentLoaded" for "https://nummer.pts.se/VisaPorteringar/id/80399"
1517638265003	Marionette	DEBUG	Received DOM event "pageshow" for "https://nummer.pts.se/VisaPorteringar/id/80399"
1517638265705	Marionette	DEBUG	Received DOM event "beforeunload" for "https://nummer.pts.se/VisaPorteringar/id/80399"
1517638266226	Marionette	DEBUG	Received DOM event "pagehide" for "https://nummer.pts.se/VisaPorteringar/id/80399"
1517638266228	Marionette	DEBUG	Received DOM event "unload" for "https://nummer.pts.se/VisaPorteringar/id/80399"
1517638266953	Marionette	DEBUG	Received DOM event "DOMContentLoaded" for "https://nummer.pts.se/VisaPorteringar/id/80400"
1517638266961	Marionette	DEBUG	Received DOM event "pageshow" for "https://nummer.pts.se/VisaPorteringar/id/80400"
1517638267629	Marionette	DEBUG	Received DOM event "beforeunload" for "https://nummer.pts.se/VisaPorteringar/id/80400"
1517638268152	Marionette	DEBUG	Received DOM event "pagehide" for "https://nummer.pts.se/VisaPorteringar/id/80400"
1517638268153	Marionette	DEBUG	Received DOM event "unload" for "https://nummer.pts.se/VisaPorteringar/id/80400"
1517638268875	Marionette	DEBUG	Received DOM event "DOMContentLoaded" for "https://nummer.pts.se/VisaPorteringar/id/80401"
1517638268883	Marionette	DEBUG	Received DOM event "pageshow" for "https://nummer.pts.se/VisaPorteringar/id/80401"
1517638269566	Marionette	DEBUG	Received DOM event "beforeunload" for "https://nummer.pts.se/VisaPorteringar/id/80401"
1517638270027	Marionette	DEBUG	Received DOM event "pagehide" for "https://nummer.pts.se/VisaPorteringar/id/80401"
1517638270028	Marionette	DEBUG	Received DOM event "unload" for "https://nummer.pts.se/VisaPorteringar/id/80401"
1517638270701	Marionette	DEBUG	Received DOM event "DOMContentLoaded" for "https://nummer.pts.se/VisaPorteringar/id/80402"
1517638270709	Marionette	DEBUG	Received DOM event "pageshow" for "https://nummer.pts.se/VisaPorteringar/id/80402"
1517638271336	Marionette	DEBUG	Received DOM event "beforeunload" for "https://nummer.pts.se/VisaPorteringar/id/80402"
1517638271852	Marionette	DEBUG	Received DOM event "pagehide" for "https://nummer.pts.se/VisaPorteringar/id/80402"
1517638271853	Marionette	DEBUG	Received DOM event "unload" for "https://nummer.pts.se/VisaPorteringar/id/80402"
1517638272374	Marionette	DEBUG	Received DOM event "DOMContentLoaded" for "https://nummer.pts.se/VisaPorteringar/id/80403"
1517638272382	Marionette	DEBUG	Received DOM event "pageshow" for "https://nummer.pts.se/VisaPorteringar/id/80403"
1517638272918	Marionette	DEBUG	Received DOM event "beforeunload" for "https://nummer.pts.se/VisaPorteringar/id/80403"
1517638273380	Marionette	DEBUG	Received DOM event "pagehide" for "https://nummer.pts.se/VisaPorteringar/id/80403"
1517638273381	Marionette	DEBUG	Received DOM event "unload" for "https://nummer.pts.se/VisaPorteringar/id/80403"
1517638273880	Marionette	DEBUG	Received DOM event "DOMContentLoaded" for "https://nummer.pts.se/VisaPorteringar/id/80404"
1517638274092	Marionette	DEBUG	Received DOM event "pageshow" for "https://nummer.pts.se/VisaPorteringar/id/80404"
1517638274784	Marionette	DEBUG	Received DOM event "beforeunload" for "https://nummer.pts.se/VisaPorteringar/id/80404"
1517638275570	Marionette	DEBUG	Received DOM event "pagehide" for "https://nummer.pts.se/VisaPorteringar/id/80404"
1517638275571	Marionette	DEBUG	Received DOM event "unload" for "https://nummer.pts.se/VisaPorteringar/id/80404"
1517638276278	Marionette	DEBUG	Received DOM event "DOMContentLoaded" for "https://nummer.pts.se/VisaPorteringar/id/80405"
1517638276285	Marionette	DEBUG	Received DOM event "pageshow" for "https://nummer.pts.se/VisaPorteringar/id/80405"
1517638276838	Marionette	DEBUG	Received DOM event "beforeunload" for "https://nummer.pts.se/VisaPorteringar/id/80405"
1517638277345	Marionette	DEBUG	Received DOM event "pagehide" for "https://nummer.pts.se/VisaPorteringar/id/80405"
1517638277346	Marionette	DEBUG	Received DOM event "unload" for "https://nummer.pts.se/VisaPorteringar/id/80405"
1517638277757	Marionette	DEBUG	Received DOM event "DOMContentLoaded" for "https://nummer.pts.se/VisaPorteringar/id/80406"
1517638277762	Marionette	DEBUG	Received DOM event "pageshow" for "https://nummer.pts.se/VisaPorteringar/id/80406"
1517638278119	Marionette	DEBUG	Received DOM event "beforeunload" for "https://nummer.pts.se/VisaPorteringar/id/80406"
1517638278615	Marionette	DEBUG	Received DOM event "pagehide" for "https://nummer.pts.se/VisaPorteringar/id/80406"
1517638278617	Marionette	DEBUG	Received DOM event "unload" for "https://nummer.pts.se/VisaPorteringar/id/80406"
1517638279110	Marionette	DEBUG	Received DOM event "DOMContentLoaded" for "https://nummer.pts.se/VisaPorteringar/id/76029"
1517638279244	Marionette	DEBUG	Received DOM event "pageshow" for "https://nummer.pts.se/VisaPorteringar/id/76029"
1517638279773	Marionette	DEBUG	Received DOM event "beforeunload" for "https://nummer.pts.se/VisaPorteringar/id/76029"
1517638280289	Marionette	DEBUG	Received DOM event "pagehide" for "https://nummer.pts.se/VisaPorteringar/id/76029"
1517638280291	Marionette	DEBUG	Received DOM event "unload" for "https://nummer.pts.se/VisaPorteringar/id/76029"
1517638281056	Marionette	DEBUG	Received DOM event "DOMContentLoaded" for "https://nummer.pts.se/VisaPorteringar/id/76030"
1517638281066	Marionette	DEBUG	Received DOM event "pageshow" for "https://nummer.pts.se/VisaPorteringar/id/76030"
1517638281815	Marionette	DEBUG	Received DOM event "beforeunload" for "https://nummer.pts.se/VisaPorteringar/id/76030"
1517638282370	Marionette	DEBUG	Received DOM event "pagehide" for "https://nummer.pts.se/VisaPorteringar/id/76030"
1517638282372	Marionette	DEBUG	Received DOM event "unload" for "https://nummer.pts.se/VisaPorteringar/id/76030"
1517638283225	Marionette	DEBUG	Received DOM event "DOMContentLoaded" for "https://nummer.pts.se/VisaPorteringar/id/76031"
1517638283234	Marionette	DEBUG	Received DOM event "pageshow" for "https://nummer.pts.se/VisaPorteringar/id/76031"
1517638284015	Marionette	DEBUG	Received DOM event "beforeunload" for "https://nummer.pts.se/VisaPorteringar/id/76031"
1517638284531	Marionette	DEBUG	Received DOM event "pagehide" for "https://nummer.pts.se/VisaPorteringar/id/76031"
1517638284532	Marionette	DEBUG	Received DOM event "unload" for "https://nummer.pts.se/VisaPorteringar/id/76031"
1517638285307	Marionette	DEBUG	Received DOM event "DOMContentLoaded" for "https://nummer.pts.se/VisaPorteringar/id/76032"
1517638285316	Marionette	DEBUG	Received DOM event "pageshow" for "https://nummer.pts.se/VisaPorteringar/id/76032"
1517638286078	Marionette	DEBUG	Received DOM event "beforeunload" for "https://nummer.pts.se/VisaPorteringar/id/76032"
1517638286568	Marionette	DEBUG	Received DOM event "pagehide" for "https://nummer.pts.se/VisaPorteringar/id/76032"
1517638286569	Marionette	DEBUG	Received DOM event "unload" for "https://nummer.pts.se/VisaPorteringar/id/76032"
1517638287314	Marionette	DEBUG	Received DOM event "DOMContentLoaded" for "https://nummer.pts.se/VisaPorteringar/id/76033"
1517638287323	Marionette	DEBUG	Received DOM event "pageshow" for "https://nummer.pts.se/VisaPorteringar/id/76033"
1517638288004	Marionette	DEBUG	Received DOM event "beforeunload" for "https://nummer.pts.se/VisaPorteringar/id/76033"
1517638288731	Marionette	DEBUG	Received DOM event "pagehide" for "https://nummer.pts.se/VisaPorteringar/id/76033"
1517638288731	Marionette	DEBUG	Received DOM event "unload" for "https://nummer.pts.se/VisaPorteringar/id/76033"
1517638291119	Marionette	DEBUG	Received DOM event "DOMContentLoaded" for "https://nummer.pts.se/VisaPorteringar/id/38600"
1517638291144	Marionette	DEBUG	Received DOM event "pageshow" for "https://nummer.pts.se/VisaPorteringar/id/38600"
1517638293063	Marionette	DEBUG	Received DOM event "beforeunload" for "https://nummer.pts.se/VisaPorteringar/id/38600"
1517638293843	Marionette	DEBUG	Received DOM event "pagehide" for "https://nummer.pts.se/VisaPorteringar/id/38600"
1517638293844	Marionette	DEBUG	Received DOM event "unload" for "https://nummer.pts.se/VisaPorteringar/id/38600"
1517638296244	Marionette	DEBUG	Received DOM event "DOMContentLoaded" for "https://nummer.pts.se/VisaPorteringar/id/38601"
1517638296271	Marionette	DEBUG	Received DOM event "pageshow" for "https://nummer.pts.se/VisaPorteringar/id/38601"
1517638298425	Marionette	DEBUG	Received DOM event "beforeunload" for "https://nummer.pts.se/VisaPorteringar/id/38601"
1517638299196	Marionette	DEBUG	Received DOM event "pagehide" for "https://nummer.pts.se/VisaPorteringar/id/38601"
1517638299197	Marionette	DEBUG	Received DOM event "unload" for "https://nummer.pts.se/VisaPorteringar/id/38601"
1517638301614	Marionette	DEBUG	Received DOM event "DOMContentLoaded" for "https://nummer.pts.se/VisaPorteringar/id/38602"
1517638301642	Marionette	DEBUG	Received DOM event "pageshow" for "https://nummer.pts.se/VisaPorteringar/id/38602"
1517638303746	Marionette	DEBUG	Received DOM event "beforeunload" for "https://nummer.pts.se/VisaPorteringar/id/38602"
1517638304448	Marionette	DEBUG	Received DOM event "pagehide" for "https://nummer.pts.se/VisaPorteringar/id/38602"
1517638304450	Marionette	DEBUG	Received DOM event "unload" for "https://nummer.pts.se/VisaPorteringar/id/38602"
1517638306533	Marionette	DEBUG	Received DOM event "DOMContentLoaded" for "https://nummer.pts.se/VisaPorteringar/id/38603"
1517638306556	Marionette	DEBUG	Received DOM event "pageshow" for "https://nummer.pts.se/VisaPorteringar/id/38603"
1517638308595	Marionette	DEBUG	Received DOM event "beforeunload" for "https://nummer.pts.se/VisaPorteringar/id/38603"
1517638309323	Marionette	DEBUG	Received DOM event "pagehide" for "https://nummer.pts.se/VisaPorteringar/id/38603"
1517638309324	Marionette	DEBUG	Received DOM event "unload" for "https://nummer.pts.se/VisaPorteringar/id/38603"
1517638311355	Marionette	DEBUG	Received DOM event "DOMContentLoaded" for "https://nummer.pts.se/VisaPorteringar/id/38604"
1517638311379	Marionette	DEBUG	Received DOM event "pageshow" for "https://nummer.pts.se/VisaPorteringar/id/38604"
1517638313339	Marionette	DEBUG	Received DOM event "beforeunload" for "https://nummer.pts.se/VisaPorteringar/id/38604"
1517638314346	Marionette	DEBUG	Received DOM event "pagehide" for "https://nummer.pts.se/VisaPorteringar/id/38604"
1517638314348	Marionette	DEBUG	Received DOM event "unload" for "https://nummer.pts.se/VisaPorteringar/id/38604"
1517638316399	Marionette	DEBUG	Received DOM event "DOMContentLoaded" for "https://nummer.pts.se/VisaPorteringar/id/38605"
1517638316422	Marionette	DEBUG	Received DOM event "pageshow" for "https://nummer.pts.se/VisaPorteringar/id/38605"
1517638318354	Marionette	DEBUG	Received DOM event "beforeunload" for "https://nummer.pts.se/VisaPorteringar/id/38605"
1517638318958	Marionette	DEBUG	Received DOM event "pagehide" for "https://nummer.pts.se/VisaPorteringar/id/38605"
1517638318959	Marionette	DEBUG	Received DOM event "unload" for "https://nummer.pts.se/VisaPorteringar/id/38605"
1517638320808	Marionette	DEBUG	Received DOM event "DOMContentLoaded" for "https://nummer.pts.se/VisaPorteringar/id/38606"
1517638320827	Marionette	DEBUG	Received DOM event "pageshow" for "https://nummer.pts.se/VisaPorteringar/id/38606"
1517638322443	Marionette	DEBUG	Received DOM event "beforeunload" for "https://nummer.pts.se/VisaPorteringar/id/38606"
1517638323041	Marionette	DEBUG	Received DOM event "pagehide" for "https://nummer.pts.se/VisaPorteringar/id/38606"
1517638323042	Marionette	DEBUG	Received DOM event "unload" for "https://nummer.pts.se/VisaPorteringar/id/38606"
1517638324260	Marionette	DEBUG	Received DOM event "DOMContentLoaded" for "https://nummer.pts.se/VisaPorteringar/id/38607"
1517638324272	Marionette	DEBUG	Received DOM event "pageshow" for "https://nummer.pts.se/VisaPorteringar/id/38607"
1517638325579	Marionette	DEBUG	Received DOM event "beforeunload" for "https://nummer.pts.se/VisaPorteringar/id/38607"
1517638326238	Marionette	DEBUG	Received DOM event "pagehide" for "https://nummer.pts.se/VisaPorteringar/id/38607"
1517638326241	Marionette	DEBUG	Received DOM event "unload" for "https://nummer.pts.se/VisaPorteringar/id/38607"
1517638328055	Marionette	DEBUG	Received DOM event "DOMContentLoaded" for "https://nummer.pts.se/VisaPorteringar/id/41442"
1517638328074	Marionette	DEBUG	Received DOM event "pageshow" for "https://nummer.pts.se/VisaPorteringar/id/41442"
1517638329707	Marionette	DEBUG	Received DOM event "beforeunload" for "https://nummer.pts.se/VisaPorteringar/id/41442"
1517638330349	Marionette	DEBUG	Received DOM event "pagehide" for "https://nummer.pts.se/VisaPorteringar/id/41442"
1517638330350	Marionette	DEBUG	Received DOM event "unload" for "https://nummer.pts.se/VisaPorteringar/id/41442"
1517638332010	Marionette	DEBUG	Received DOM event "DOMContentLoaded" for "https://nummer.pts.se/VisaPorteringar/id/41443"
1517638332027	Marionette	DEBUG	Received DOM event "pageshow" for "https://nummer.pts.se/VisaPorteringar/id/41443"
1517638333616	Marionette	DEBUG	Received DOM event "beforeunload" for "https://nummer.pts.se/VisaPorteringar/id/41443"
1517638334200	Marionette	DEBUG	Received DOM event "pagehide" for "https://nummer.pts.se/VisaPorteringar/id/41443"
1517638334200	Marionette	DEBUG	Received DOM event "unload" for "https://nummer.pts.se/VisaPorteringar/id/41443"
1517638335570	Marionette	DEBUG	Received DOM event "DOMContentLoaded" for "https://nummer.pts.se/VisaPorteringar/id/41444"
1517638335586	Marionette	DEBUG	Received DOM event "pageshow" for "https://nummer.pts.se/VisaPorteringar/id/41444"
1517638336967	Marionette	DEBUG	Received DOM event "beforeunload" for "https://nummer.pts.se/VisaPorteringar/id/41444"
1517638337567	Marionette	DEBUG	Received DOM event "pagehide" for "https://nummer.pts.se/VisaPorteringar/id/41444"
1517638337568	Marionette	DEBUG	Received DOM event "unload" for "https://nummer.pts.se/VisaPorteringar/id/41444"
1517638339079	Marionette	DEBUG	Received DOM event "DOMContentLoaded" for "https://nummer.pts.se/VisaPorteringar/id/41445"
1517638339096	Marionette	DEBUG	Received DOM event "pageshow" for "https://nummer.pts.se/VisaPorteringar/id/41445"
1517638340594	Marionette	DEBUG	Received DOM event "beforeunload" for "https://nummer.pts.se/VisaPorteringar/id/41445"
1517638341209	Marionette	DEBUG	Received DOM event "pagehide" for "https://nummer.pts.se/VisaPorteringar/id/41445"
1517638341210	Marionette	DEBUG	Received DOM event "unload" for "https://nummer.pts.se/VisaPorteringar/id/41445"
1517638342748	Marionette	DEBUG	Received DOM event "DOMContentLoaded" for "https://nummer.pts.se/VisaPorteringar/id/41446"
1517638342765	Marionette	DEBUG	Received DOM event "pageshow" for "https://nummer.pts.se/VisaPorteringar/id/41446"
1517638344074	Marionette	DEBUG	Received DOM event "beforeunload" for "https://nummer.pts.se/VisaPorteringar/id/41446"
1517638344697	Marionette	DEBUG	Received DOM event "pagehide" for "https://nummer.pts.se/VisaPorteringar/id/41446"
1517638344703	Marionette	DEBUG	Received DOM event "unload" for "https://nummer.pts.se/VisaPorteringar/id/41446"
1517638346230	Marionette	DEBUG	Received DOM event "DOMContentLoaded" for "https://nummer.pts.se/VisaPorteringar/id/43884"
1517638346248	Marionette	DEBUG	Received DOM event "pageshow" for "https://nummer.pts.se/VisaPorteringar/id/43884"
1517638347695	Marionette	DEBUG	Received DOM event "beforeunload" for "https://nummer.pts.se/VisaPorteringar/id/43884"
1517638348314	Marionette	DEBUG	Received DOM event "pagehide" for "https://nummer.pts.se/VisaPorteringar/id/43884"
1517638348315	Marionette	DEBUG	Received DOM event "unload" for "https://nummer.pts.se/VisaPorteringar/id/43884"
1517638349701	Marionette	DEBUG	Received DOM event "DOMContentLoaded" for "https://nummer.pts.se/VisaPorteringar/id/43885"
1517638349717	Marionette	DEBUG	Received DOM event "pageshow" for "https://nummer.pts.se/VisaPorteringar/id/43885"
1517638351004	Marionette	DEBUG	Received DOM event "beforeunload" for "https://nummer.pts.se/VisaPorteringar/id/43885"
1517638351491	Marionette	DEBUG	Received DOM event "pagehide" for "https://nummer.pts.se/VisaPorteringar/id/43885"
1517638351492	Marionette	DEBUG	Received DOM event "unload" for "https://nummer.pts.se/VisaPorteringar/id/43885"
1517638352070	Marionette	DEBUG	Received DOM event "DOMContentLoaded" for "https://nummer.pts.se/VisaPorteringar/id/43886"
1517638352077	Marionette	DEBUG	Received DOM event "pageshow" for "https://nummer.pts.se/VisaPorteringar/id/43886"
1517638352686	Marionette	DEBUG	Received DOM event "beforeunload" for "https://nummer.pts.se/VisaPorteringar/id/43886"
1517638353194	Marionette	DEBUG	Received DOM event "pagehide" for "https://nummer.pts.se/VisaPorteringar/id/43886"
1517638353197	Marionette	DEBUG	Received DOM event "unload" for "https://nummer.pts.se/VisaPorteringar/id/43886"
1517638354110	Marionette	DEBUG	Received DOM event "DOMContentLoaded" for "https://nummer.pts.se/VisaPorteringar/id/43887"
1517638354120	Marionette	DEBUG	Received DOM event "pageshow" for "https://nummer.pts.se/VisaPorteringar/id/43887"
1517638355062	Marionette	DEBUG	Received DOM event "beforeunload" for "https://nummer.pts.se/VisaPorteringar/id/43887"
1517638355650	Marionette	DEBUG	Received DOM event "pagehide" for "https://nummer.pts.se/VisaPorteringar/id/43887"
1517638355650	Marionette	DEBUG	Received DOM event "unload" for "https://nummer.pts.se/VisaPorteringar/id/43887"
1517638356731	Marionette	DEBUG	Received DOM event "DOMContentLoaded" for "https://nummer.pts.se/VisaPorteringar/id/43888"
1517638356745	Marionette	DEBUG	Received DOM event "pageshow" for "https://nummer.pts.se/VisaPorteringar/id/43888"
1517638357772	Marionette	DEBUG	Received DOM event "beforeunload" for "https://nummer.pts.se/VisaPorteringar/id/43888"
1517638358233	Marionette	DEBUG	Received DOM event "pagehide" for "https://nummer.pts.se/VisaPorteringar/id/43888"
1517638358234	Marionette	DEBUG	Received DOM event "unload" for "https://nummer.pts.se/VisaPorteringar/id/43888"
1517638358444	Marionette	DEBUG	Received DOM event "DOMContentLoaded" for "https://nummer.pts.se/VisaPorteringar/id/70029"
1517638358456	Marionette	DEBUG	Received DOM event "pageshow" for "https://nummer.pts.se/VisaPorteringar/id/70029"
1517638358623	Marionette	DEBUG	Received DOM event "beforeunload" for "https://nummer.pts.se/VisaPorteringar/id/70029"
1517638359064	Marionette	DEBUG	Received DOM event "pagehide" for "https://nummer.pts.se/VisaPorteringar/id/70029"
1517638359065	Marionette	DEBUG	Received DOM event "unload" for "https://nummer.pts.se/VisaPorteringar/id/70029"
1517638359220	Marionette	DEBUG	Received DOM event "DOMContentLoaded" for "https://nummer.pts.se/VisaPorteringar/id/70030"
1517638359224	Marionette	DEBUG	Received DOM event "pageshow" for "https://nummer.pts.se/VisaPorteringar/id/70030"
1517638359321	Marionette	DEBUG	Received DOM event "beforeunload" for "https://nummer.pts.se/VisaPorteringar/id/70030"
1517638359740	Marionette	DEBUG	Received DOM event "pagehide" for "https://nummer.pts.se/VisaPorteringar/id/70030"
1517638359741	Marionette	DEBUG	Received DOM event "unload" for "https://nummer.pts.se/VisaPorteringar/id/70030"
1517638359859	Marionette	DEBUG	Received DOM event "DOMContentLoaded" for "https://nummer.pts.se/VisaPorteringar/id/70038"
1517638359861	Marionette	DEBUG	Received DOM event "pageshow" for "https://nummer.pts.se/VisaPorteringar/id/70038"
1517638359889	Marionette	DEBUG	Received DOM event "beforeunload" for "https://nummer.pts.se/VisaPorteringar/id/70038"
1517638360323	Marionette	DEBUG	Received DOM event "pagehide" for "https://nummer.pts.se/VisaPorteringar/id/70038"
1517638360324	Marionette	DEBUG	Received DOM event "unload" for "https://nummer.pts.se/VisaPorteringar/id/70038"
1517638360420	Marionette	DEBUG	Received DOM event "DOMContentLoaded" for "https://nummer.pts.se/VisaPorteringar/id/70039"
1517638360422	Marionette	DEBUG	Received DOM event "pageshow" for "https://nummer.pts.se/VisaPorteringar/id/70039"
1517638360446	Marionette	DEBUG	Received DOM event "beforeunload" for "https://nummer.pts.se/VisaPorteringar/id/70039"
1517638360917	Marionette	DEBUG	Received DOM event "pagehide" for "https://nummer.pts.se/VisaPorteringar/id/70039"
1517638360919	Marionette	DEBUG	Received DOM event "unload" for "https://nummer.pts.se/VisaPorteringar/id/70039"
1517638361017	Marionette	DEBUG	Received DOM event "DOMContentLoaded" for "https://nummer.pts.se/VisaPorteringar/id/70040"
1517638361020	Marionette	DEBUG	Received DOM event "pageshow" for "https://nummer.pts.se/VisaPorteringar/id/70040"
1517638361042	Marionette	DEBUG	Received DOM event "beforeunload" for "https://nummer.pts.se/VisaPorteringar/id/70040"
1517638362036	Marionette	DEBUG	Received DOM event "pagehide" for "https://nummer.pts.se/VisaPorteringar/id/70040"
1517638362037	Marionette	DEBUG	Received DOM event "unload" for "https://nummer.pts.se/VisaPorteringar/id/70040"
1517638362155	Marionette	DEBUG	Received DOM event "DOMContentLoaded" for "https://nummer.pts.se/VisaPorteringar/id/70041"
1517638362158	Marionette	DEBUG	Received DOM event "pageshow" for "https://nummer.pts.se/VisaPorteringar/id/70041"
1517638362200	Marionette	DEBUG	Received DOM event "beforeunload" for "https://nummer.pts.se/VisaPorteringar/id/70041"
1517638362711	Marionette	DEBUG	Received DOM event "pagehide" for "https://nummer.pts.se/VisaPorteringar/id/70041"
1517638362711	Marionette	DEBUG	Received DOM event "unload" for "https://nummer.pts.se/VisaPorteringar/id/70041"
1517638362829	Marionette	DEBUG	Received DOM event "DOMContentLoaded" for "https://nummer.pts.se/VisaPorteringar/id/70042"
1517638362837	Marionette	DEBUG	Received DOM event "pageshow" for "https://nummer.pts.se/VisaPorteringar/id/70042"
1517638362928	Marionette	DEBUG	Received DOM event "beforeunload" for "https://nummer.pts.se/VisaPorteringar/id/70042"
1517638363353	Marionette	DEBUG	Received DOM event "pagehide" for "https://nummer.pts.se/VisaPorteringar/id/70042"
1517638363354	Marionette	DEBUG	Received DOM event "unload" for "https://nummer.pts.se/VisaPorteringar/id/70042"
1517638363458	Marionette	DEBUG	Received DOM event "DOMContentLoaded" for "https://nummer.pts.se/VisaPorteringar/id/70043"
1517638363460	Marionette	DEBUG	Received DOM event "pageshow" for "https://nummer.pts.se/VisaPorteringar/id/70043"
1517638363551	Marionette	DEBUG	Received DOM event "beforeunload" for "https://nummer.pts.se/VisaPorteringar/id/70043"
1517638363980	Marionette	DEBUG	Received DOM event "pagehide" for "https://nummer.pts.se/VisaPorteringar/id/70043"
1517638363981	Marionette	DEBUG	Received DOM event "unload" for "https://nummer.pts.se/VisaPorteringar/id/70043"
1517638364090	Marionette	DEBUG	Received DOM event "DOMContentLoaded" for "https://nummer.pts.se/VisaPorteringar/id/70044"
1517638364092	Marionette	DEBUG	Received DOM event "pageshow" for "https://nummer.pts.se/VisaPorteringar/id/70044"
1517638364119	Marionette	DEBUG	Received DOM event "beforeunload" for "https://nummer.pts.se/VisaPorteringar/id/70044"
1517638364559	Marionette	DEBUG	Received DOM event "pagehide" for "https://nummer.pts.se/VisaPorteringar/id/70044"
1517638364560	Marionette	DEBUG	Received DOM event "unload" for "https://nummer.pts.se/VisaPorteringar/id/70044"
1517638364670	Marionette	DEBUG	Received DOM event "DOMContentLoaded" for "https://nummer.pts.se/VisaPorteringar/id/70045"
1517638364673	Marionette	DEBUG	Received DOM event "pageshow" for "https://nummer.pts.se/VisaPorteringar/id/70045"
1517638364739	Marionette	DEBUG	Received DOM event "beforeunload" for "https://nummer.pts.se/VisaPorteringar/id/70045"
1517638365182	Marionette	DEBUG	Received DOM event "pagehide" for "https://nummer.pts.se/VisaPorteringar/id/70045"
1517638365186	Marionette	DEBUG	Received DOM event "unload" for "https://nummer.pts.se/VisaPorteringar/id/70045"
1517638365335	Marionette	DEBUG	Received DOM event "DOMContentLoaded" for "https://nummer.pts.se/VisaPorteringar/id/70031"
1517638365338	Marionette	DEBUG	Received DOM event "pageshow" for "https://nummer.pts.se/VisaPorteringar/id/70031"
1517638365437	Marionette	DEBUG	Received DOM event "beforeunload" for "https://nummer.pts.se/VisaPorteringar/id/70031"
1517638365918	Marionette	DEBUG	Received DOM event "pagehide" for "https://nummer.pts.se/VisaPorteringar/id/70031"
1517638365919	Marionette	DEBUG	Received DOM event "unload" for "https://nummer.pts.se/VisaPorteringar/id/70031"
1517638366086	Marionette	DEBUG	Received DOM event "DOMContentLoaded" for "https://nummer.pts.se/VisaPorteringar/id/70032"
1517638366090	Marionette	DEBUG	Received DOM event "pageshow" for "https://nummer.pts.se/VisaPorteringar/id/70032"
1517638366184	Marionette	DEBUG	Received DOM event "beforeunload" for "https://nummer.pts.se/VisaPorteringar/id/70032"
1517638366626	Marionette	DEBUG	Received DOM event "pagehide" for "https://nummer.pts.se/VisaPorteringar/id/70032"
1517638366628	Marionette	DEBUG	Received DOM event "unload" for "https://nummer.pts.se/VisaPorteringar/id/70032"
1517638366793	Marionette	DEBUG	Received DOM event "DOMContentLoaded" for "https://nummer.pts.se/VisaPorteringar/id/70033"
1517638366803	Marionette	DEBUG	Received DOM event "pageshow" for "https://nummer.pts.se/VisaPorteringar/id/70033"
1517638366896	Marionette	DEBUG	Received DOM event "beforeunload" for "https://nummer.pts.se/VisaPorteringar/id/70033"
1517638367853	Marionette	DEBUG	Received DOM event "pagehide" for "https://nummer.pts.se/VisaPorteringar/id/70033"
1517638367854	Marionette	DEBUG	Received DOM event "unload" for "https://nummer.pts.se/VisaPorteringar/id/70033"
1517638368006	Marionette	DEBUG	Received DOM event "DOMContentLoaded" for "https://nummer.pts.se/VisaPorteringar/id/70034"
1517638368016	Marionette	DEBUG	Received DOM event "pageshow" for "https://nummer.pts.se/VisaPorteringar/id/70034"
1517638368103	Marionette	DEBUG	Received DOM event "beforeunload" for "https://nummer.pts.se/VisaPorteringar/id/70034"
1517638368553	Marionette	DEBUG	Received DOM event "pagehide" for "https://nummer.pts.se/VisaPorteringar/id/70034"
1517638368554	Marionette	DEBUG	Received DOM event "unload" for "https://nummer.pts.se/VisaPorteringar/id/70034"
1517638368738	Marionette	DEBUG	Received DOM event "DOMContentLoaded" for "https://nummer.pts.se/VisaPorteringar/id/70035"
1517638368743	Marionette	DEBUG	Received DOM event "pageshow" for "https://nummer.pts.se/VisaPorteringar/id/70035"
1517638368879	Marionette	DEBUG	Received DOM event "beforeunload" for "https://nummer.pts.se/VisaPorteringar/id/70035"
1517638369328	Marionette	DEBUG	Received DOM event "pagehide" for "https://nummer.pts.se/VisaPorteringar/id/70035"
1517638369331	Marionette	DEBUG	Received DOM event "unload" for "https://nummer.pts.se/VisaPorteringar/id/70035"
1517638369506	Marionette	DEBUG	Received DOM event "DOMContentLoaded" for "https://nummer.pts.se/VisaPorteringar/id/70036"
1517638369511	Marionette	DEBUG	Received DOM event "pageshow" for "https://nummer.pts.se/VisaPorteringar/id/70036"
1517638369629	Marionette	DEBUG	Received DOM event "beforeunload" for "https://nummer.pts.se/VisaPorteringar/id/70036"
1517638370027	Marionette	DEBUG	Received DOM event "pagehide" for "https://nummer.pts.se/VisaPorteringar/id/70036"
1517638370028	Marionette	DEBUG	Received DOM event "unload" for "https://nummer.pts.se/VisaPorteringar/id/70036"
1517638370185	Marionette	DEBUG	Received DOM event "DOMContentLoaded" for "https://nummer.pts.se/VisaPorteringar/id/70037"
1517638370188	Marionette	DEBUG	Received DOM event "pageshow" for "https://nummer.pts.se/VisaPorteringar/id/70037"
1517638370289	Marionette	DEBUG	Received DOM event "beforeunload" for "https://nummer.pts.se/VisaPorteringar/id/70037"
1517638371034	Marionette	DEBUG	Received DOM event "pagehide" for "https://nummer.pts.se/VisaPorteringar/id/70037"
1517638371035	Marionette	DEBUG	Received DOM event "unload" for "https://nummer.pts.se/VisaPorteringar/id/70037"
1517638371907	Marionette	DEBUG	Received DOM event "DOMContentLoaded" for "https://nummer.pts.se/VisaPorteringar/id/70026"
1517638371919	Marionette	DEBUG	Received DOM event "pageshow" for "https://nummer.pts.se/VisaPorteringar/id/70026"
1517638372808	Marionette	DEBUG	Received DOM event "beforeunload" for "https://nummer.pts.se/VisaPorteringar/id/70026"
1517638373305	Marionette	DEBUG	Received DOM event "pagehide" for "https://nummer.pts.se/VisaPorteringar/id/70026"
1517638373306	Marionette	DEBUG	Received DOM event "unload" for "https://nummer.pts.se/VisaPorteringar/id/70026"
1517638374071	Marionette	DEBUG	Received DOM event "DOMContentLoaded" for "https://nummer.pts.se/VisaPorteringar/id/70027"
1517638374079	Marionette	DEBUG	Received DOM event "pageshow" for "https://nummer.pts.se/VisaPorteringar/id/70027"
1517638374718	Marionette	DEBUG	Received DOM event "beforeunload" for "https://nummer.pts.se/VisaPorteringar/id/70027"
1517638375247	Marionette	DEBUG	Received DOM event "pagehide" for "https://nummer.pts.se/VisaPorteringar/id/70027"
1517638375248	Marionette	DEBUG	Received DOM event "unload" for "https://nummer.pts.se/VisaPorteringar/id/70027"
1517638376007	Marionette	DEBUG	Received DOM event "DOMContentLoaded" for "https://nummer.pts.se/VisaPorteringar/id/70028"
1517638376016	Marionette	DEBUG	Received DOM event "pageshow" for "https://nummer.pts.se/VisaPorteringar/id/70028"
1517638376685	Marionette	DEBUG	Received DOM event "beforeunload" for "https://nummer.pts.se/VisaPorteringar/id/70028"
1517638377267	Marionette	DEBUG	Received DOM event "pagehide" for "https://nummer.pts.se/VisaPorteringar/id/70028"
1517638377268	Marionette	DEBUG	Received DOM event "unload" for "https://nummer.pts.se/VisaPorteringar/id/70028"
1517638378808	Marionette	DEBUG	Received DOM event "DOMContentLoaded" for "https://nummer.pts.se/VisaPorteringar/id/44164"
1517638378823	Marionette	DEBUG	Received DOM event "pageshow" for "https://nummer.pts.se/VisaPorteringar/id/44164"
1517638380161	Marionette	DEBUG	Received DOM event "beforeunload" for "https://nummer.pts.se/VisaPorteringar/id/44164"
1517638380713	Marionette	DEBUG	Received DOM event "pagehide" for "https://nummer.pts.se/VisaPorteringar/id/44164"
1517638380714	Marionette	DEBUG	Received DOM event "unload" for "https://nummer.pts.se/VisaPorteringar/id/44164"
1517638381922	Marionette	DEBUG	Received DOM event "DOMContentLoaded" for "https://nummer.pts.se/VisaPorteringar/id/44165"
1517638381936	Marionette	DEBUG	Received DOM event "pageshow" for "https://nummer.pts.se/VisaPorteringar/id/44165"
1517638383071	Marionette	DEBUG	Received DOM event "beforeunload" for "https://nummer.pts.se/VisaPorteringar/id/44165"
1517638383740	Marionette	DEBUG	Received DOM event "pagehide" for "https://nummer.pts.se/VisaPorteringar/id/44165"
1517638383745	Marionette	DEBUG	Received DOM event "unload" for "https://nummer.pts.se/VisaPorteringar/id/44165"
1517638384824	Marionette	DEBUG	Received DOM event "DOMContentLoaded" for "https://nummer.pts.se/VisaPorteringar/id/44166"
1517638384837	Marionette	DEBUG	Received DOM event "pageshow" for "https://nummer.pts.se/VisaPorteringar/id/44166"
1517638385832	Marionette	DEBUG	Received DOM event "beforeunload" for "https://nummer.pts.se/VisaPorteringar/id/44166"
1517638386426	Marionette	DEBUG	Received DOM event "pagehide" for "https://nummer.pts.se/VisaPorteringar/id/44166"
1517638386426	Marionette	DEBUG	Received DOM event "unload" for "https://nummer.pts.se/VisaPorteringar/id/44166"
1517638387900	Marionette	DEBUG	Received DOM event "DOMContentLoaded" for "https://nummer.pts.se/VisaPorteringar/id/44167"
1517638387915	Marionette	DEBUG	Received DOM event "pageshow" for "https://nummer.pts.se/VisaPorteringar/id/44167"
1517638389343	Marionette	DEBUG	Received DOM event "beforeunload" for "https://nummer.pts.se/VisaPorteringar/id/44167"
1517638389905	Marionette	DEBUG	Received DOM event "pagehide" for "https://nummer.pts.se/VisaPorteringar/id/44167"
1517638389905	Marionette	DEBUG	Received DOM event "unload" for "https://nummer.pts.se/VisaPorteringar/id/44167"
1517638391048	Marionette	DEBUG	Received DOM event "DOMContentLoaded" for "https://nummer.pts.se/VisaPorteringar/id/44168"
1517638391060	Marionette	DEBUG	Received DOM event "pageshow" for "https://nummer.pts.se/VisaPorteringar/id/44168"
