1518419353696	geckodriver	INFO	geckodriver 0.19.1
1518419353702	geckodriver	INFO	Listening on 127.0.0.1:38493
1518419354905	mozrunner::runner	INFO	Running command: "/usr/bin/firefox" "-marionette" "-profile" "/tmp/rust_mozprofile.auvG3mvzueHd"
1518419355107	addons.xpi	WARN	Can't get modified time of /usr/lib64/firefox/browser/features/aushelper@mozilla.org.xpi
1518419355200	addons.xpi-utils	WARN	addMetadata: Add-on aushelper@mozilla.org is invalid: [Exception... "Component returned failure code: 0x80520006 (NS_ERROR_FILE_TARGET_DOES_NOT_EXIST) [nsIFile.isFile]"  nsresult: "0x80520006 (NS_ERROR_FILE_TARGET_DOES_NOT_EXIST)"  location: "JS frame :: resource://gre/modules/addons/XPIInstall.jsm :: this.loadManifestFromFile :: line 971"  data: no] Stack trace: this.loadManifestFromFile()@resource://gre/modules/addons/XPIInstall.jsm:971 < syncLoadManifestFromFile()@resource://gre/modules/addons/XPIProvider.jsm:947 < addMetadata()@resource://gre/modules/addons/XPIProvider.jsm -> resource://gre/modules/addons/XPIProviderUtils.js:1231 < processFileChanges()@resource://gre/modules/addons/XPIProvider.jsm -> resource://gre/modules/addons/XPIProviderUtils.js:1578 < checkForChanges()@resource://gre/modules/addons/XPIProvider.jsm:3278 < startup()@resource://gre/modules/addons/XPIProvider.jsm:2182 < callProvider()@resource://gre/modules/AddonManager.jsm:263 < _startProvider()@resource://gre/modules/AddonManager.jsm:730 < startup()@resource://gre/modules/AddonManager.jsm:897 < startup()@resource://gre/modules/AddonManager.jsm:3081 < observe()@jar:file:///usr/lib64/firefox/omni.ja!/components/addonManager.js:65
1518419355200	addons.xpi-utils	WARN	Could not uninstall invalid item from locked install location
1518419355313	Marionette	INFO	Enabled via --marionette
1518419356220	addons.xpi	WARN	Can't get modified time of /usr/lib64/firefox/browser/features/aushelper@mozilla.org.xpi
1518419356372	Marionette	INFO	Listening on port 44271
1518419356537	Marionette	WARN	TLS certificate errors will be ignored for this session
1518419356590	Marionette	DEBUG	Register listener.js for window 2147483649
1518419375079	geckodriver	INFO	geckodriver 0.19.1
1518419375082	geckodriver	INFO	Listening on 127.0.0.1:41415
1518419376248	mozrunner::runner	INFO	Running command: "/usr/bin/firefox" "-marionette" "-profile" "/tmp/rust_mozprofile.uQ53ogBvZqbd"
1518419376482	addons.xpi	WARN	Can't get modified time of /usr/lib64/firefox/browser/features/aushelper@mozilla.org.xpi
1518419376604	addons.xpi-utils	WARN	addMetadata: Add-on aushelper@mozilla.org is invalid: [Exception... "Component returned failure code: 0x80520006 (NS_ERROR_FILE_TARGET_DOES_NOT_EXIST) [nsIFile.isFile]"  nsresult: "0x80520006 (NS_ERROR_FILE_TARGET_DOES_NOT_EXIST)"  location: "JS frame :: resource://gre/modules/addons/XPIInstall.jsm :: this.loadManifestFromFile :: line 971"  data: no] Stack trace: this.loadManifestFromFile()@resource://gre/modules/addons/XPIInstall.jsm:971 < syncLoadManifestFromFile()@resource://gre/modules/addons/XPIProvider.jsm:947 < addMetadata()@resource://gre/modules/addons/XPIProvider.jsm -> resource://gre/modules/addons/XPIProviderUtils.js:1231 < processFileChanges()@resource://gre/modules/addons/XPIProvider.jsm -> resource://gre/modules/addons/XPIProviderUtils.js:1578 < checkForChanges()@resource://gre/modules/addons/XPIProvider.jsm:3278 < startup()@resource://gre/modules/addons/XPIProvider.jsm:2182 < callProvider()@resource://gre/modules/AddonManager.jsm:263 < _startProvider()@resource://gre/modules/AddonManager.jsm:730 < startup()@resource://gre/modules/AddonManager.jsm:897 < startup()@resource://gre/modules/AddonManager.jsm:3081 < observe()@jar:file:///usr/lib64/firefox/omni.ja!/components/addonManager.js:65
1518419376605	addons.xpi-utils	WARN	Could not uninstall invalid item from locked install location
1518419376729	Marionette	INFO	Enabled via --marionette
1518419377617	addons.xpi	WARN	Can't get modified time of /usr/lib64/firefox/browser/features/aushelper@mozilla.org.xpi
1518419377767	Marionette	INFO	Listening on port 35471
1518419377937	Marionette	WARN	TLS certificate errors will be ignored for this session
1518419377993	Marionette	DEBUG	Register listener.js for window 2147483649
1518419378037	Marionette	DEBUG	Received DOM event "beforeunload" for "about:blank"
1518419379260	Marionette	DEBUG	Received DOM event "pagehide" for "about:blank"
1518419379261	Marionette	DEBUG	Received DOM event "unload" for "about:blank"
*** UTM:SVC TimerManager:registerTimer called after profile-before-change notification. Ignoring timer registration for id: telemetry_modules_ping
1518419381362	Marionette	DEBUG	Received DOM event "DOMContentLoaded" for "https://okaloosa.realtaxdeed.com/index.cfm?zaction=AUCTION&Zmethod=PREVIEW&AUCTIONDATE=03/13/2018"
1518419382929	Marionette	DEBUG	Received DOM event "pageshow" for "https://okaloosa.realtaxdeed.com/index.cfm?zaction=AUCTION&Zmethod=PREVIEW&AUCTIONDATE=03/13/2018"
1518419394878	geckodriver	INFO	geckodriver 0.19.1
1518419394881	geckodriver	INFO	Listening on 127.0.0.1:41293
1518419396018	mozrunner::runner	INFO	Running command: "/usr/bin/firefox" "-marionette" "-profile" "/tmp/rust_mozprofile.8ojcuBXrLEyI"
1518419396208	addons.xpi	WARN	Can't get modified time of /usr/lib64/firefox/browser/features/aushelper@mozilla.org.xpi
1518419396336	addons.xpi-utils	WARN	addMetadata: Add-on aushelper@mozilla.org is invalid: [Exception... "Component returned failure code: 0x80520006 (NS_ERROR_FILE_TARGET_DOES_NOT_EXIST) [nsIFile.isFile]"  nsresult: "0x80520006 (NS_ERROR_FILE_TARGET_DOES_NOT_EXIST)"  location: "JS frame :: resource://gre/modules/addons/XPIInstall.jsm :: this.loadManifestFromFile :: line 971"  data: no] Stack trace: this.loadManifestFromFile()@resource://gre/modules/addons/XPIInstall.jsm:971 < syncLoadManifestFromFile()@resource://gre/modules/addons/XPIProvider.jsm:947 < addMetadata()@resource://gre/modules/addons/XPIProvider.jsm -> resource://gre/modules/addons/XPIProviderUtils.js:1231 < processFileChanges()@resource://gre/modules/addons/XPIProvider.jsm -> resource://gre/modules/addons/XPIProviderUtils.js:1578 < checkForChanges()@resource://gre/modules/addons/XPIProvider.jsm:3278 < startup()@resource://gre/modules/addons/XPIProvider.jsm:2182 < callProvider()@resource://gre/modules/AddonManager.jsm:263 < _startProvider()@resource://gre/modules/AddonManager.jsm:730 < startup()@resource://gre/modules/AddonManager.jsm:897 < startup()@resource://gre/modules/AddonManager.jsm:3081 < observe()@jar:file:///usr/lib64/firefox/omni.ja!/components/addonManager.js:65
1518419396336	addons.xpi-utils	WARN	Could not uninstall invalid item from locked install location
1518419396471	Marionette	INFO	Enabled via --marionette
1518419397412	addons.xpi	WARN	Can't get modified time of /usr/lib64/firefox/browser/features/aushelper@mozilla.org.xpi
1518419397561	Marionette	INFO	Listening on port 40651
1518419397757	Marionette	WARN	TLS certificate errors will be ignored for this session
1518419397829	Marionette	DEBUG	Register listener.js for window 2147483649
1518419397867	Marionette	DEBUG	Received DOM event "beforeunload" for "about:blank"
1518419399040	Marionette	DEBUG	Received DOM event "pagehide" for "about:blank"
1518419399041	Marionette	DEBUG	Received DOM event "unload" for "about:blank"
1518419401019	Marionette	DEBUG	Received DOM event "DOMContentLoaded" for "https://okaloosa.realtaxdeed.com/index.cfm?zaction=AUCTION&Zmethod=PREVIEW&AUCTIONDATE=03/13/2018"
*** UTM:SVC TimerManager:registerTimer called after profile-before-change notification. Ignoring timer registration for id: telemetry_modules_ping
1518419402875	Marionette	DEBUG	Received DOM event "pageshow" for "https://okaloosa.realtaxdeed.com/index.cfm?zaction=AUCTION&Zmethod=PREVIEW&AUCTIONDATE=03/13/2018"
1518419486486	geckodriver	INFO	geckodriver 0.19.1
1518419486489	geckodriver	INFO	Listening on 127.0.0.1:54841
1518419487636	mozrunner::runner	INFO	Running command: "/usr/bin/firefox" "-marionette" "-profile" "/tmp/rust_mozprofile.roTqn1WXe38d"
1518419487824	addons.xpi	WARN	Can't get modified time of /usr/lib64/firefox/browser/features/aushelper@mozilla.org.xpi
1518419487917	addons.xpi-utils	WARN	addMetadata: Add-on aushelper@mozilla.org is invalid: [Exception... "Component returned failure code: 0x80520006 (NS_ERROR_FILE_TARGET_DOES_NOT_EXIST) [nsIFile.isFile]"  nsresult: "0x80520006 (NS_ERROR_FILE_TARGET_DOES_NOT_EXIST)"  location: "JS frame :: resource://gre/modules/addons/XPIInstall.jsm :: this.loadManifestFromFile :: line 971"  data: no] Stack trace: this.loadManifestFromFile()@resource://gre/modules/addons/XPIInstall.jsm:971 < syncLoadManifestFromFile()@resource://gre/modules/addons/XPIProvider.jsm:947 < addMetadata()@resource://gre/modules/addons/XPIProvider.jsm -> resource://gre/modules/addons/XPIProviderUtils.js:1231 < processFileChanges()@resource://gre/modules/addons/XPIProvider.jsm -> resource://gre/modules/addons/XPIProviderUtils.js:1578 < checkForChanges()@resource://gre/modules/addons/XPIProvider.jsm:3278 < startup()@resource://gre/modules/addons/XPIProvider.jsm:2182 < callProvider()@resource://gre/modules/AddonManager.jsm:263 < _startProvider()@resource://gre/modules/AddonManager.jsm:730 < startup()@resource://gre/modules/AddonManager.jsm:897 < startup()@resource://gre/modules/AddonManager.jsm:3081 < observe()@jar:file:///usr/lib64/firefox/omni.ja!/components/addonManager.js:65
1518419487918	addons.xpi-utils	WARN	Could not uninstall invalid item from locked install location
1518419488029	Marionette	INFO	Enabled via --marionette
1518419488907	addons.xpi	WARN	Can't get modified time of /usr/lib64/firefox/browser/features/aushelper@mozilla.org.xpi
1518419489066	Marionette	INFO	Listening on port 34045
1518419489232	Marionette	WARN	TLS certificate errors will be ignored for this session
1518419489300	Marionette	DEBUG	Register listener.js for window 2147483649
1518419489343	Marionette	DEBUG	Received DOM event "beforeunload" for "about:blank"
1518419490814	Marionette	DEBUG	Received DOM event "pagehide" for "about:blank"
1518419490815	Marionette	DEBUG	Received DOM event "unload" for "about:blank"
1518419492790	Marionette	DEBUG	Received DOM event "DOMContentLoaded" for "https://okaloosa.realtaxdeed.com/index.cfm?zaction=AUCTION&Zmethod=PREVIEW&AUCTIONDATE=03/13/2018"
IPDL protocol error: Handler returned error code!

###!!! [Parent][DispatchAsyncMessage] Error: PLayerTransaction::Msg_ReleaseLayer Processing error: message was deserialized, but the handler returned false (indicating failure)

IPDL protocol error: Handler returned error code!

###!!! [Parent][DispatchAsyncMessage] Error: PLayerTransaction::Msg_ReleaseLayer Processing error: message was deserialized, but the handler returned false (indicating failure)

IPDL protocol error: Handler returned error code!

###!!! [Parent][DispatchAsyncMessage] Error: PLayerTransaction::Msg_ReleaseLayer Processing error: message was deserialized, but the handler returned false (indicating failure)

IPDL protocol error: Handler returned error code!

###!!! [Parent][DispatchAsyncMessage] Error: PLayerTransaction::Msg_ReleaseLayer Processing error: message was deserialized, but the handler returned false (indicating failure)

IPDL protocol error: Handler returned error code!

###!!! [Parent][DispatchAsyncMessage] Error: PLayerTransaction::Msg_ReleaseLayer Processing error: message was deserialized, but the handler returned false (indicating failure)

IPDL protocol error: Handler returned error code!

###!!! [Parent][DispatchAsyncMessage] Error: PLayerTransaction::Msg_ReleaseLayer Processing error: message was deserialized, but the handler returned false (indicating failure)

IPDL protocol error: Handler returned error code!

###!!! [Parent][DispatchAsyncMessage] Error: PLayerTransaction::Msg_ReleaseLayer Processing error: message was deserialized, but the handler returned false (indicating failure)

IPDL protocol error: Handler returned error code!

###!!! [Parent][DispatchAsyncMessage] Error: PLayerTransaction::Msg_ReleaseLayer Processing error: message was deserialized, but the handler returned false (indicating failure)

IPDL protocol error: Handler returned error code!

###!!! [Parent][DispatchAsyncMessage] Error: PLayerTransaction::Msg_ReleaseLayer Processing error: message was deserialized, but the handler returned false (indicating failure)

IPDL protocol error: Handler returned error code!

###!!! [Parent][DispatchAsyncMessage] Error: PLayerTransaction::Msg_ReleaseLayer Processing error: message was deserialized, but the handler returned false (indicating failure)

IPDL protocol error: Handler returned error code!

###!!! [Parent][DispatchAsyncMessage] Error: PLayerTransaction::Msg_ReleaseLayer Processing error: message was deserialized, but the handler returned false (indicating failure)

IPDL protocol error: Handler returned error code!

###!!! [Parent][DispatchAsyncMessage] Error: PLayerTransaction::Msg_ReleaseLayer Processing error: message was deserialized, but the handler returned false (indicating failure)

1518419495009	Marionette	DEBUG	Received DOM event "pageshow" for "https://okaloosa.realtaxdeed.com/index.cfm?zaction=AUCTION&Zmethod=PREVIEW&AUCTIONDATE=03/13/2018"
1518419495331	Marionette	DEBUG	Canceled page load listener because no navigation has been detected
1518419508079	geckodriver	INFO	geckodriver 0.19.1
1518419508082	geckodriver	INFO	Listening on 127.0.0.1:38751
1518419509265	mozrunner::runner	INFO	Running command: "/usr/bin/firefox" "-marionette" "-profile" "/tmp/rust_mozprofile.QszqchwOca2B"
1518419509454	addons.xpi	WARN	Can't get modified time of /usr/lib64/firefox/browser/features/aushelper@mozilla.org.xpi
1518419509555	addons.xpi-utils	WARN	addMetadata: Add-on aushelper@mozilla.org is invalid: [Exception... "Component returned failure code: 0x80520006 (NS_ERROR_FILE_TARGET_DOES_NOT_EXIST) [nsIFile.isFile]"  nsresult: "0x80520006 (NS_ERROR_FILE_TARGET_DOES_NOT_EXIST)"  location: "JS frame :: resource://gre/modules/addons/XPIInstall.jsm :: this.loadManifestFromFile :: line 971"  data: no] Stack trace: this.loadManifestFromFile()@resource://gre/modules/addons/XPIInstall.jsm:971 < syncLoadManifestFromFile()@resource://gre/modules/addons/XPIProvider.jsm:947 < addMetadata()@resource://gre/modules/addons/XPIProvider.jsm -> resource://gre/modules/addons/XPIProviderUtils.js:1231 < processFileChanges()@resource://gre/modules/addons/XPIProvider.jsm -> resource://gre/modules/addons/XPIProviderUtils.js:1578 < checkForChanges()@resource://gre/modules/addons/XPIProvider.jsm:3278 < startup()@resource://gre/modules/addons/XPIProvider.jsm:2182 < callProvider()@resource://gre/modules/AddonManager.jsm:263 < _startProvider()@resource://gre/modules/AddonManager.jsm:730 < startup()@resource://gre/modules/AddonManager.jsm:897 < startup()@resource://gre/modules/AddonManager.jsm:3081 < observe()@jar:file:///usr/lib64/firefox/omni.ja!/components/addonManager.js:65
1518419509556	addons.xpi-utils	WARN	Could not uninstall invalid item from locked install location
1518419509666	Marionette	INFO	Enabled via --marionette
1518419510561	addons.xpi	WARN	Can't get modified time of /usr/lib64/firefox/browser/features/aushelper@mozilla.org.xpi
1518419510721	Marionette	INFO	Listening on port 32911
1518419510884	Marionette	WARN	TLS certificate errors will be ignored for this session
1518419510942	Marionette	DEBUG	Register listener.js for window 2147483649
1518419510978	Marionette	DEBUG	Received DOM event "beforeunload" for "about:blank"
1518419512340	Marionette	DEBUG	Received DOM event "pagehide" for "about:blank"
1518419512340	Marionette	DEBUG	Received DOM event "unload" for "about:blank"
1518419514357	Marionette	DEBUG	Received DOM event "DOMContentLoaded" for "https://okaloosa.realtaxdeed.com/index.cfm?zaction=AUCTION&Zmethod=PREVIEW&AUCTIONDATE=03/13/2018"
1518419516043	Marionette	DEBUG	Received DOM event "pageshow" for "https://okaloosa.realtaxdeed.com/index.cfm?zaction=AUCTION&Zmethod=PREVIEW&AUCTIONDATE=03/13/2018"
1518419516285	Marionette	DEBUG	Canceled page load listener because no navigation has been detected
1518419559470	geckodriver	INFO	geckodriver 0.19.1
1518419559473	geckodriver	INFO	Listening on 127.0.0.1:36391
1518419560622	mozrunner::runner	INFO	Running command: "/usr/bin/firefox" "-marionette" "-profile" "/tmp/rust_mozprofile.mM2jas3rPzTY"
1518419560814	addons.xpi	WARN	Can't get modified time of /usr/lib64/firefox/browser/features/aushelper@mozilla.org.xpi
1518419560906	addons.xpi-utils	WARN	addMetadata: Add-on aushelper@mozilla.org is invalid: [Exception... "Component returned failure code: 0x80520006 (NS_ERROR_FILE_TARGET_DOES_NOT_EXIST) [nsIFile.isFile]"  nsresult: "0x80520006 (NS_ERROR_FILE_TARGET_DOES_NOT_EXIST)"  location: "JS frame :: resource://gre/modules/addons/XPIInstall.jsm :: this.loadManifestFromFile :: line 971"  data: no] Stack trace: this.loadManifestFromFile()@resource://gre/modules/addons/XPIInstall.jsm:971 < syncLoadManifestFromFile()@resource://gre/modules/addons/XPIProvider.jsm:947 < addMetadata()@resource://gre/modules/addons/XPIProvider.jsm -> resource://gre/modules/addons/XPIProviderUtils.js:1231 < processFileChanges()@resource://gre/modules/addons/XPIProvider.jsm -> resource://gre/modules/addons/XPIProviderUtils.js:1578 < checkForChanges()@resource://gre/modules/addons/XPIProvider.jsm:3278 < startup()@resource://gre/modules/addons/XPIProvider.jsm:2182 < callProvider()@resource://gre/modules/AddonManager.jsm:263 < _startProvider()@resource://gre/modules/AddonManager.jsm:730 < startup()@resource://gre/modules/AddonManager.jsm:897 < startup()@resource://gre/modules/AddonManager.jsm:3081 < observe()@jar:file:///usr/lib64/firefox/omni.ja!/components/addonManager.js:65
1518419560907	addons.xpi-utils	WARN	Could not uninstall invalid item from locked install location
1518419561017	Marionette	INFO	Enabled via --marionette
1518419561881	addons.xpi	WARN	Can't get modified time of /usr/lib64/firefox/browser/features/aushelper@mozilla.org.xpi
1518419562246	Marionette	INFO	Listening on port 41209
1518419562336	Marionette	WARN	TLS certificate errors will be ignored for this session
1518419562390	Marionette	DEBUG	Register listener.js for window 2147483649
1518419562414	Marionette	DEBUG	Received DOM event "beforeunload" for "about:blank"
1518419563579	Marionette	DEBUG	Received DOM event "pagehide" for "about:blank"
1518419563579	Marionette	DEBUG	Received DOM event "unload" for "about:blank"
1518419565697	Marionette	DEBUG	Received DOM event "DOMContentLoaded" for "https://okaloosa.realtaxdeed.com/index.cfm?zaction=AUCTION&Zmethod=PREVIEW&AUCTIONDATE=03/13/2018"
1518419568298	Marionette	DEBUG	Received DOM event "pageshow" for "https://okaloosa.realtaxdeed.com/index.cfm?zaction=AUCTION&Zmethod=PREVIEW&AUCTIONDATE=03/13/2018"
1518419568542	Marionette	DEBUG	Canceled page load listener because no navigation has been detected
1518419595488	geckodriver	INFO	geckodriver 0.19.1
1518419595491	geckodriver	INFO	Listening on 127.0.0.1:53649
1518419596642	mozrunner::runner	INFO	Running command: "/usr/bin/firefox" "-marionette" "-profile" "/tmp/rust_mozprofile.wnb8KmR2tO3i"
1518419596835	addons.xpi	WARN	Can't get modified time of /usr/lib64/firefox/browser/features/aushelper@mozilla.org.xpi
1518419596930	addons.xpi-utils	WARN	addMetadata: Add-on aushelper@mozilla.org is invalid: [Exception... "Component returned failure code: 0x80520006 (NS_ERROR_FILE_TARGET_DOES_NOT_EXIST) [nsIFile.isFile]"  nsresult: "0x80520006 (NS_ERROR_FILE_TARGET_DOES_NOT_EXIST)"  location: "JS frame :: resource://gre/modules/addons/XPIInstall.jsm :: this.loadManifestFromFile :: line 971"  data: no] Stack trace: this.loadManifestFromFile()@resource://gre/modules/addons/XPIInstall.jsm:971 < syncLoadManifestFromFile()@resource://gre/modules/addons/XPIProvider.jsm:947 < addMetadata()@resource://gre/modules/addons/XPIProvider.jsm -> resource://gre/modules/addons/XPIProviderUtils.js:1231 < processFileChanges()@resource://gre/modules/addons/XPIProvider.jsm -> resource://gre/modules/addons/XPIProviderUtils.js:1578 < checkForChanges()@resource://gre/modules/addons/XPIProvider.jsm:3278 < startup()@resource://gre/modules/addons/XPIProvider.jsm:2182 < callProvider()@resource://gre/modules/AddonManager.jsm:263 < _startProvider()@resource://gre/modules/AddonManager.jsm:730 < startup()@resource://gre/modules/AddonManager.jsm:897 < startup()@resource://gre/modules/AddonManager.jsm:3081 < observe()@jar:file:///usr/lib64/firefox/omni.ja!/components/addonManager.js:65
1518419596931	addons.xpi-utils	WARN	Could not uninstall invalid item from locked install location
1518419597042	Marionette	INFO	Enabled via --marionette
1518419597925	addons.xpi	WARN	Can't get modified time of /usr/lib64/firefox/browser/features/aushelper@mozilla.org.xpi
1518419598078	Marionette	INFO	Listening on port 39007
1518419598250	Marionette	WARN	TLS certificate errors will be ignored for this session
1518419598307	Marionette	DEBUG	Register listener.js for window 2147483649
1518419598347	Marionette	DEBUG	Received DOM event "beforeunload" for "about:blank"
1518419600188	Marionette	DEBUG	Received DOM event "pagehide" for "about:blank"
1518419600189	Marionette	DEBUG	Received DOM event "unload" for "about:blank"
1518419602178	Marionette	DEBUG	Received DOM event "DOMContentLoaded" for "https://okaloosa.realtaxdeed.com/index.cfm?zaction=AUCTION&Zmethod=PREVIEW&AUCTIONDATE=03/13/2018"
1518419607307	Marionette	DEBUG	Received DOM event "pageshow" for "https://okaloosa.realtaxdeed.com/index.cfm?zaction=AUCTION&Zmethod=PREVIEW&AUCTIONDATE=03/13/2018"
1518419607558	Marionette	DEBUG	Canceled page load listener because no navigation has been detected
*** UTM:SVC TimerManager:registerTimer called after profile-before-change notification. Ignoring timer registration for id: telemetry_modules_ping
1518419628024	geckodriver	INFO	geckodriver 0.19.1
1518419628027	geckodriver	INFO	Listening on 127.0.0.1:53837
1518419629173	mozrunner::runner	INFO	Running command: "/usr/bin/firefox" "-marionette" "-profile" "/tmp/rust_mozprofile.8tzKqeLEvneL"
1518419629361	addons.xpi	WARN	Can't get modified time of /usr/lib64/firefox/browser/features/aushelper@mozilla.org.xpi
1518419629452	addons.xpi-utils	WARN	addMetadata: Add-on aushelper@mozilla.org is invalid: [Exception... "Component returned failure code: 0x80520006 (NS_ERROR_FILE_TARGET_DOES_NOT_EXIST) [nsIFile.isFile]"  nsresult: "0x80520006 (NS_ERROR_FILE_TARGET_DOES_NOT_EXIST)"  location: "JS frame :: resource://gre/modules/addons/XPIInstall.jsm :: this.loadManifestFromFile :: line 971"  data: no] Stack trace: this.loadManifestFromFile()@resource://gre/modules/addons/XPIInstall.jsm:971 < syncLoadManifestFromFile()@resource://gre/modules/addons/XPIProvider.jsm:947 < addMetadata()@resource://gre/modules/addons/XPIProvider.jsm -> resource://gre/modules/addons/XPIProviderUtils.js:1231 < processFileChanges()@resource://gre/modules/addons/XPIProvider.jsm -> resource://gre/modules/addons/XPIProviderUtils.js:1578 < checkForChanges()@resource://gre/modules/addons/XPIProvider.jsm:3278 < startup()@resource://gre/modules/addons/XPIProvider.jsm:2182 < callProvider()@resource://gre/modules/AddonManager.jsm:263 < _startProvider()@resource://gre/modules/AddonManager.jsm:730 < startup()@resource://gre/modules/AddonManager.jsm:897 < startup()@resource://gre/modules/AddonManager.jsm:3081 < observe()@jar:file:///usr/lib64/firefox/omni.ja!/components/addonManager.js:65
1518419629453	addons.xpi-utils	WARN	Could not uninstall invalid item from locked install location
1518419629563	Marionette	INFO	Enabled via --marionette
1518419630464	addons.xpi	WARN	Can't get modified time of /usr/lib64/firefox/browser/features/aushelper@mozilla.org.xpi
1518419630612	Marionette	INFO	Listening on port 41185
1518419630793	Marionette	WARN	TLS certificate errors will be ignored for this session
1518419630847	Marionette	DEBUG	Register listener.js for window 2147483649
1518419630879	Marionette	DEBUG	Received DOM event "beforeunload" for "about:blank"
1518419632460	Marionette	DEBUG	Received DOM event "pagehide" for "about:blank"
1518419632462	Marionette	DEBUG	Received DOM event "unload" for "about:blank"
1518419634628	Marionette	DEBUG	Received DOM event "DOMContentLoaded" for "https://okaloosa.realtaxdeed.com/index.cfm?zaction=AUCTION&Zmethod=PREVIEW&AUCTIONDATE=03/13/2018"
1518419637922	Marionette	DEBUG	Received DOM event "pageshow" for "https://okaloosa.realtaxdeed.com/index.cfm?zaction=AUCTION&Zmethod=PREVIEW&AUCTIONDATE=03/13/2018"
1518419638178	Marionette	DEBUG	Canceled page load listener because no navigation has been detected
1518419643720	Marionette	DEBUG	Register listener.js for window 2147483653
1518419643763	Marionette	DEBUG	Register listener.js for window 2147483655
1518419683809	geckodriver	INFO	geckodriver 0.19.1
1518419683812	geckodriver	INFO	Listening on 127.0.0.1:41373
1518419684955	mozrunner::runner	INFO	Running command: "/usr/bin/firefox" "-marionette" "-profile" "/tmp/rust_mozprofile.vDB1ewurDNpQ"
1518419685134	addons.xpi	WARN	Can't get modified time of /usr/lib64/firefox/browser/features/aushelper@mozilla.org.xpi
1518419685226	addons.xpi-utils	WARN	addMetadata: Add-on aushelper@mozilla.org is invalid: [Exception... "Component returned failure code: 0x80520006 (NS_ERROR_FILE_TARGET_DOES_NOT_EXIST) [nsIFile.isFile]"  nsresult: "0x80520006 (NS_ERROR_FILE_TARGET_DOES_NOT_EXIST)"  location: "JS frame :: resource://gre/modules/addons/XPIInstall.jsm :: this.loadManifestFromFile :: line 971"  data: no] Stack trace: this.loadManifestFromFile()@resource://gre/modules/addons/XPIInstall.jsm:971 < syncLoadManifestFromFile()@resource://gre/modules/addons/XPIProvider.jsm:947 < addMetadata()@resource://gre/modules/addons/XPIProvider.jsm -> resource://gre/modules/addons/XPIProviderUtils.js:1231 < processFileChanges()@resource://gre/modules/addons/XPIProvider.jsm -> resource://gre/modules/addons/XPIProviderUtils.js:1578 < checkForChanges()@resource://gre/modules/addons/XPIProvider.jsm:3278 < startup()@resource://gre/modules/addons/XPIProvider.jsm:2182 < callProvider()@resource://gre/modules/AddonManager.jsm:263 < _startProvider()@resource://gre/modules/AddonManager.jsm:730 < startup()@resource://gre/modules/AddonManager.jsm:897 < startup()@resource://gre/modules/AddonManager.jsm:3081 < observe()@jar:file:///usr/lib64/firefox/omni.ja!/components/addonManager.js:65
1518419685227	addons.xpi-utils	WARN	Could not uninstall invalid item from locked install location
1518419685336	Marionette	INFO	Enabled via --marionette
1518419686198	addons.xpi	WARN	Can't get modified time of /usr/lib64/firefox/browser/features/aushelper@mozilla.org.xpi
1518419686347	Marionette	INFO	Listening on port 33949
1518419686365	Marionette	WARN	TLS certificate errors will be ignored for this session
1518419686419	Marionette	DEBUG	Register listener.js for window 2147483649
1518419686539	Marionette	DEBUG	Received DOM event "beforeunload" for "about:blank"
1518419687890	Marionette	DEBUG	Received DOM event "pagehide" for "about:blank"
1518419687890	Marionette	DEBUG	Received DOM event "unload" for "about:blank"
1518419689881	Marionette	DEBUG	Received DOM event "DOMContentLoaded" for "https://okaloosa.realtaxdeed.com/index.cfm?zaction=AUCTION&Zmethod=PREVIEW&AUCTIONDATE=03/13/2018"
1518419692924	Marionette	DEBUG	Received DOM event "pageshow" for "https://okaloosa.realtaxdeed.com/index.cfm?zaction=AUCTION&Zmethod=PREVIEW&AUCTIONDATE=03/13/2018"
1518419693182	Marionette	DEBUG	Canceled page load listener because no navigation has been detected
1518419743075	geckodriver	INFO	geckodriver 0.19.1
1518419743078	geckodriver	INFO	Listening on 127.0.0.1:37667
1518419744250	mozrunner::runner	INFO	Running command: "/usr/bin/firefox" "-marionette" "-profile" "/tmp/rust_mozprofile.8KzpiyZxl8qx"
1518419744451	addons.xpi	WARN	Can't get modified time of /usr/lib64/firefox/browser/features/aushelper@mozilla.org.xpi
1518419744551	addons.xpi-utils	WARN	addMetadata: Add-on aushelper@mozilla.org is invalid: [Exception... "Component returned failure code: 0x80520006 (NS_ERROR_FILE_TARGET_DOES_NOT_EXIST) [nsIFile.isFile]"  nsresult: "0x80520006 (NS_ERROR_FILE_TARGET_DOES_NOT_EXIST)"  location: "JS frame :: resource://gre/modules/addons/XPIInstall.jsm :: this.loadManifestFromFile :: line 971"  data: no] Stack trace: this.loadManifestFromFile()@resource://gre/modules/addons/XPIInstall.jsm:971 < syncLoadManifestFromFile()@resource://gre/modules/addons/XPIProvider.jsm:947 < addMetadata()@resource://gre/modules/addons/XPIProvider.jsm -> resource://gre/modules/addons/XPIProviderUtils.js:1231 < processFileChanges()@resource://gre/modules/addons/XPIProvider.jsm -> resource://gre/modules/addons/XPIProviderUtils.js:1578 < checkForChanges()@resource://gre/modules/addons/XPIProvider.jsm:3278 < startup()@resource://gre/modules/addons/XPIProvider.jsm:2182 < callProvider()@resource://gre/modules/AddonManager.jsm:263 < _startProvider()@resource://gre/modules/AddonManager.jsm:730 < startup()@resource://gre/modules/AddonManager.jsm:897 < startup()@resource://gre/modules/AddonManager.jsm:3081 < observe()@jar:file:///usr/lib64/firefox/omni.ja!/components/addonManager.js:65
1518419744552	addons.xpi-utils	WARN	Could not uninstall invalid item from locked install location
1518419744664	Marionette	INFO	Enabled via --marionette
1518419745530	addons.xpi	WARN	Can't get modified time of /usr/lib64/firefox/browser/features/aushelper@mozilla.org.xpi
1518419745677	Marionette	INFO	Listening on port 41997
1518419745842	Marionette	WARN	TLS certificate errors will be ignored for this session
1518419745905	Marionette	DEBUG	Register listener.js for window 2147483649
1518419745933	Marionette	DEBUG	Received DOM event "beforeunload" for "about:blank"
1518419747414	Marionette	DEBUG	Received DOM event "pagehide" for "about:blank"
1518419747415	Marionette	DEBUG	Received DOM event "unload" for "about:blank"
1518419749426	Marionette	DEBUG	Received DOM event "DOMContentLoaded" for "https://okaloosa.realtaxdeed.com/index.cfm?zaction=AUCTION&Zmethod=PREVIEW&AUCTIONDATE=03/13/2018"
1518419753043	Marionette	DEBUG	Received DOM event "pageshow" for "https://okaloosa.realtaxdeed.com/index.cfm?zaction=AUCTION&Zmethod=PREVIEW&AUCTIONDATE=03/13/2018"
1518419753303	Marionette	DEBUG	Canceled page load listener because no navigation has been detected
[Child 6489, Chrome_ChildThread] WARNING: pipe error (3): Connection reset by peer: file /builddir/build/BUILD/firefox-57.0.4/ipc/chromium/src/chrome/common/ipc_channel_posix.cc, line 353
1518419984234	geckodriver	INFO	geckodriver 0.19.1
1518419984237	geckodriver	INFO	Listening on 127.0.0.1:36753
1518419985384	mozrunner::runner	INFO	Running command: "/usr/bin/firefox" "-marionette" "-profile" "/tmp/rust_mozprofile.bHo25regHx0q"
1518419985577	addons.xpi	WARN	Can't get modified time of /usr/lib64/firefox/browser/features/aushelper@mozilla.org.xpi
1518419985667	addons.xpi-utils	WARN	addMetadata: Add-on aushelper@mozilla.org is invalid: [Exception... "Component returned failure code: 0x80520006 (NS_ERROR_FILE_TARGET_DOES_NOT_EXIST) [nsIFile.isFile]"  nsresult: "0x80520006 (NS_ERROR_FILE_TARGET_DOES_NOT_EXIST)"  location: "JS frame :: resource://gre/modules/addons/XPIInstall.jsm :: this.loadManifestFromFile :: line 971"  data: no] Stack trace: this.loadManifestFromFile()@resource://gre/modules/addons/XPIInstall.jsm:971 < syncLoadManifestFromFile()@resource://gre/modules/addons/XPIProvider.jsm:947 < addMetadata()@resource://gre/modules/addons/XPIProvider.jsm -> resource://gre/modules/addons/XPIProviderUtils.js:1231 < processFileChanges()@resource://gre/modules/addons/XPIProvider.jsm -> resource://gre/modules/addons/XPIProviderUtils.js:1578 < checkForChanges()@resource://gre/modules/addons/XPIProvider.jsm:3278 < startup()@resource://gre/modules/addons/XPIProvider.jsm:2182 < callProvider()@resource://gre/modules/AddonManager.jsm:263 < _startProvider()@resource://gre/modules/AddonManager.jsm:730 < startup()@resource://gre/modules/AddonManager.jsm:897 < startup()@resource://gre/modules/AddonManager.jsm:3081 < observe()@jar:file:///usr/lib64/firefox/omni.ja!/components/addonManager.js:65
1518419985668	addons.xpi-utils	WARN	Could not uninstall invalid item from locked install location
1518419985778	Marionette	INFO	Enabled via --marionette
1518419986644	addons.xpi	WARN	Can't get modified time of /usr/lib64/firefox/browser/features/aushelper@mozilla.org.xpi
1518419986794	Marionette	INFO	Listening on port 37213
1518419986974	Marionette	WARN	TLS certificate errors will be ignored for this session
1518419987028	Marionette	DEBUG	Register listener.js for window 2147483649
1518420001379	geckodriver	INFO	geckodriver 0.19.1
1518420001382	geckodriver	INFO	Listening on 127.0.0.1:57365
1518420002532	mozrunner::runner	INFO	Running command: "/usr/bin/firefox" "-marionette" "-profile" "/tmp/rust_mozprofile.cWWULKPzwbnA"
1518420002727	addons.xpi	WARN	Can't get modified time of /usr/lib64/firefox/browser/features/aushelper@mozilla.org.xpi
1518420002827	addons.xpi-utils	WARN	addMetadata: Add-on aushelper@mozilla.org is invalid: [Exception... "Component returned failure code: 0x80520006 (NS_ERROR_FILE_TARGET_DOES_NOT_EXIST) [nsIFile.isFile]"  nsresult: "0x80520006 (NS_ERROR_FILE_TARGET_DOES_NOT_EXIST)"  location: "JS frame :: resource://gre/modules/addons/XPIInstall.jsm :: this.loadManifestFromFile :: line 971"  data: no] Stack trace: this.loadManifestFromFile()@resource://gre/modules/addons/XPIInstall.jsm:971 < syncLoadManifestFromFile()@resource://gre/modules/addons/XPIProvider.jsm:947 < addMetadata()@resource://gre/modules/addons/XPIProvider.jsm -> resource://gre/modules/addons/XPIProviderUtils.js:1231 < processFileChanges()@resource://gre/modules/addons/XPIProvider.jsm -> resource://gre/modules/addons/XPIProviderUtils.js:1578 < checkForChanges()@resource://gre/modules/addons/XPIProvider.jsm:3278 < startup()@resource://gre/modules/addons/XPIProvider.jsm:2182 < callProvider()@resource://gre/modules/AddonManager.jsm:263 < _startProvider()@resource://gre/modules/AddonManager.jsm:730 < startup()@resource://gre/modules/AddonManager.jsm:897 < startup()@resource://gre/modules/AddonManager.jsm:3081 < observe()@jar:file:///usr/lib64/firefox/omni.ja!/components/addonManager.js:65
1518420002827	addons.xpi-utils	WARN	Could not uninstall invalid item from locked install location
1518420002941	Marionette	INFO	Enabled via --marionette
1518420003872	addons.xpi	WARN	Can't get modified time of /usr/lib64/firefox/browser/features/aushelper@mozilla.org.xpi
1518420004019	Marionette	INFO	Listening on port 36787
1518420004164	Marionette	WARN	TLS certificate errors will be ignored for this session
1518420004226	Marionette	DEBUG	Register listener.js for window 2147483649
1518420004260	Marionette	DEBUG	Received DOM event "beforeunload" for "about:blank"
1518420006038	Marionette	DEBUG	Received DOM event "pagehide" for "about:blank"
1518420006039	Marionette	DEBUG	Received DOM event "unload" for "about:blank"
*** UTM:SVC TimerManager:registerTimer called after profile-before-change notification. Ignoring timer registration for id: telemetry_modules_ping
1518420008070	Marionette	DEBUG	Received DOM event "DOMContentLoaded" for "https://okaloosa.realtaxdeed.com/index.cfm?zaction=AUCTION&Zmethod=PREVIEW&AUCTIONDATE=03/13/2018"
1518420010331	Marionette	DEBUG	Received DOM event "pageshow" for "https://okaloosa.realtaxdeed.com/index.cfm?zaction=AUCTION&Zmethod=PREVIEW&AUCTIONDATE=03/13/2018"
1518420010584	Marionette	DEBUG	Canceled page load listener because no navigation has been detected
1518420247986	geckodriver	INFO	geckodriver 0.19.1
1518420247989	geckodriver	INFO	Listening on 127.0.0.1:32965
1518420249143	mozrunner::runner	INFO	Running command: "/usr/bin/firefox" "-marionette" "-profile" "/tmp/rust_mozprofile.jtpIPJgUZOTO"
1518420249336	addons.xpi	WARN	Can't get modified time of /usr/lib64/firefox/browser/features/aushelper@mozilla.org.xpi
1518420249428	addons.xpi-utils	WARN	addMetadata: Add-on aushelper@mozilla.org is invalid: [Exception... "Component returned failure code: 0x80520006 (NS_ERROR_FILE_TARGET_DOES_NOT_EXIST) [nsIFile.isFile]"  nsresult: "0x80520006 (NS_ERROR_FILE_TARGET_DOES_NOT_EXIST)"  location: "JS frame :: resource://gre/modules/addons/XPIInstall.jsm :: this.loadManifestFromFile :: line 971"  data: no] Stack trace: this.loadManifestFromFile()@resource://gre/modules/addons/XPIInstall.jsm:971 < syncLoadManifestFromFile()@resource://gre/modules/addons/XPIProvider.jsm:947 < addMetadata()@resource://gre/modules/addons/XPIProvider.jsm -> resource://gre/modules/addons/XPIProviderUtils.js:1231 < processFileChanges()@resource://gre/modules/addons/XPIProvider.jsm -> resource://gre/modules/addons/XPIProviderUtils.js:1578 < checkForChanges()@resource://gre/modules/addons/XPIProvider.jsm:3278 < startup()@resource://gre/modules/addons/XPIProvider.jsm:2182 < callProvider()@resource://gre/modules/AddonManager.jsm:263 < _startProvider()@resource://gre/modules/AddonManager.jsm:730 < startup()@resource://gre/modules/AddonManager.jsm:897 < startup()@resource://gre/modules/AddonManager.jsm:3081 < observe()@jar:file:///usr/lib64/firefox/omni.ja!/components/addonManager.js:65
1518420249429	addons.xpi-utils	WARN	Could not uninstall invalid item from locked install location
1518420249538	Marionette	INFO	Enabled via --marionette
1518420250405	addons.xpi	WARN	Can't get modified time of /usr/lib64/firefox/browser/features/aushelper@mozilla.org.xpi
1518420250557	Marionette	INFO	Listening on port 35171
1518420250727	Marionette	WARN	TLS certificate errors will be ignored for this session
1518420250785	Marionette	DEBUG	Register listener.js for window 2147483649
1518420250823	Marionette	DEBUG	Received DOM event "beforeunload" for "about:blank"
1518420252487	Marionette	DEBUG	Received DOM event "pagehide" for "about:blank"
1518420252487	Marionette	DEBUG	Received DOM event "unload" for "about:blank"
1518420254601	Marionette	DEBUG	Received DOM event "DOMContentLoaded" for "https://okaloosa.realtaxdeed.com/index.cfm?zaction=AUCTION&Zmethod=PREVIEW&AUCTIONDATE=03/13/2018"
1518420257270	Marionette	DEBUG	Received DOM event "pageshow" for "https://okaloosa.realtaxdeed.com/index.cfm?zaction=AUCTION&Zmethod=PREVIEW&AUCTIONDATE=03/13/2018"
1518420257514	Marionette	DEBUG	Canceled page load listener because no navigation has been detected
IPDL protocol error: Handler returned error code!

###!!! [Parent][DispatchAsyncMessage] Error: PLayerTransaction::Msg_ReleaseLayer Processing error: message was deserialized, but the handler returned false (indicating failure)

IPDL protocol error: Handler returned error code!

###!!! [Parent][DispatchAsyncMessage] Error: PLayerTransaction::Msg_ReleaseLayer Processing error: message was deserialized, but the handler returned false (indicating failure)

IPDL protocol error: Handler returned error code!

###!!! [Parent][DispatchAsyncMessage] Error: PLayerTransaction::Msg_ReleaseLayer Processing error: message was deserialized, but the handler returned false (indicating failure)

IPDL protocol error: Handler returned error code!

###!!! [Parent][DispatchAsyncMessage] Error: PLayerTransaction::Msg_ReleaseLayer Processing error: message was deserialized, but the handler returned false (indicating failure)

IPDL protocol error: Handler returned error code!

###!!! [Parent][DispatchAsyncMessage] Error: PLayerTransaction::Msg_ReleaseLayer Processing error: message was deserialized, but the handler returned false (indicating failure)

